{"meta": {"format": 3, "version": "7.10.7", "timestamp": "2025-10-20T00:59:16.602836", "branch_coverage": false, "show_contexts": false}, "files": {"backend\\llm_integration\\__init__.py": {"executed_lines": [1, 12, 13, 15, 20, 21], "summary": {"covered_lines": 5, "num_statements": 5, "percent_covered": 100.0, "percent_covered_display": "100", "missing_lines": 0, "excluded_lines": 0}, "missing_lines": [], "excluded_lines": [], "functions": {"": {"executed_lines": [1, 12, 13, 15, 20, 21], "summary": {"covered_lines": 5, "num_statements": 5, "percent_covered": 100.0, "percent_covered_display": "100", "missing_lines": 0, "excluded_lines": 0}, "missing_lines": [], "excluded_lines": []}}, "classes": {"": {"executed_lines": [1, 12, 13, 15, 20, 21], "summary": {"covered_lines": 5, "num_statements": 5, "percent_covered": 100.0, "percent_covered_display": "100", "missing_lines": 0, "excluded_lines": 0}, "missing_lines": [], "excluded_lines": []}}}, "backend\\llm_integration\\context_retrieval.py": {"executed_lines": [1, 19, 20, 21, 22, 23, 24, 26, 29, 30, 31, 32, 33, 36, 37, 38, 39, 40, 41, 42, 43, 44, 47, 48, 54, 68, 69, 70, 71, 76, 77, 82, 85, 86, 87, 88, 90, 107, 108, 111, 113, 116, 119, 123, 126, 127, 129, 134, 136, 142, 143, 145, 146, 147, 148, 151, 152, 154, 156, 157, 159, 160, 162, 165, 166, 167, 169, 170, 171, 172, 173, 175, 176, 177, 179, 181, 182, 184, 187, 188, 191, 194, 195, 196, 197, 200, 201, 202, 203, 204, 207, 208, 209, 211, 213, 215, 216, 217, 218, 227, 229, 248, 250, 251, 252, 254, 255, 256, 257, 260, 261, 262, 264, 266, 268, 271, 274, 275, 277, 280, 282, 284, 286, 292, 293, 296, 297, 298, 301, 302, 303, 304, 306, 312, 316, 325], "summary": {"covered_lines": 132, "num_statements": 154, "percent_covered": 85.71428571428571, "percent_covered_display": "86", "missing_lines": 22, "excluded_lines": 0}, "missing_lines": [112, 114, 120, 235, 237, 238, 239, 240, 241, 242, 243, 244, 246, 269, 278, 308, 309, 310, 314, 318, 343, 344], "excluded_lines": [], "functions": {"ContextRetriever.__init__": {"executed_lines": [68, 69, 70, 71, 76, 77], "summary": {"covered_lines": 6, "num_statements": 6, "percent_covered": 100.0, "percent_covered_display": "100", "missing_lines": 0, "excluded_lines": 0}, "missing_lines": [], "excluded_lines": []}, "ContextRetriever._build_indexes": {"executed_lines": [85, 86, 87, 88], "summary": {"covered_lines": 4, "num_statements": 4, "percent_covered": 100.0, "percent_covered_display": "100", "missing_lines": 0, "excluded_lines": 0}, "missing_lines": [], "excluded_lines": []}, "ContextRetriever.retrieve_context": {"executed_lines": [107, 108, 111, 113, 116, 119, 123, 126, 127, 129, 134], "summary": {"covered_lines": 11, "num_statements": 14, "percent_covered": 78.57142857142857, "percent_covered_display": "79", "missing_lines": 3, "excluded_lines": 0}, "missing_lines": [112, 114, 120], "excluded_lines": []}, "ContextRetriever._retrieve_vector_similarity": {"executed_lines": [142, 143, 145, 146, 147, 148, 151, 152], "summary": {"covered_lines": 8, "num_statements": 8, "percent_covered": 100.0, "percent_covered_display": "100", "missing_lines": 0, "excluded_lines": 0}, "missing_lines": [], "excluded_lines": []}, "ContextRetriever._retrieve_bm25": {"executed_lines": [156, 157, 159, 160, 162, 165, 166, 167, 169, 170, 171, 172, 173, 175, 176, 177, 179, 181, 182], "summary": {"covered_lines": 19, "num_statements": 19, "percent_covered": 100.0, "percent_covered_display": "100", "missing_lines": 0, "excluded_lines": 0}, "missing_lines": [], "excluded_lines": []}, "ContextRetriever._retrieve_hybrid": {"executed_lines": [187, 188, 191, 194, 195, 196, 197, 200, 201, 202, 203, 204, 207, 208, 209], "summary": {"covered_lines": 15, "num_statements": 15, "percent_covered": 100.0, "percent_covered_display": "100", "missing_lines": 0, "excluded_lines": 0}, "missing_lines": [], "excluded_lines": []}, "ContextRetriever._rank_results": {"executed_lines": [213, 215, 216, 217, 218, 227], "summary": {"covered_lines": 6, "num_statements": 6, "percent_covered": 100.0, "percent_covered_display": "100", "missing_lines": 0, "excluded_lines": 0}, "missing_lines": [], "excluded_lines": []}, "ContextRetriever._apply_filters": {"executed_lines": [], "summary": {"covered_lines": 0, "num_statements": 10, "percent_covered": 0.0, "percent_covered_display": "0", "missing_lines": 10, "excluded_lines": 0}, "missing_lines": [235, 237, 238, 239, 240, 241, 242, 243, 244, 246], "excluded_lines": []}, "ContextRetriever._embed": {"executed_lines": [250, 251, 252, 254, 255, 256, 257, 260, 261, 262, 264], "summary": {"covered_lines": 11, "num_statements": 11, "percent_covered": 100.0, "percent_covered_display": "100", "missing_lines": 0, "excluded_lines": 0}, "missing_lines": [], "excluded_lines": []}, "ContextRetriever._cosine_similarity": {"executed_lines": [268, 271, 274, 275, 277, 280], "summary": {"covered_lines": 6, "num_statements": 8, "percent_covered": 75.0, "percent_covered_display": "75", "missing_lines": 2, "excluded_lines": 0}, "missing_lines": [269, 278], "excluded_lines": []}, "ContextRetriever._tokenize": {"executed_lines": [284], "summary": {"covered_lines": 1, "num_statements": 1, "percent_covered": 100.0, "percent_covered_display": "100", "missing_lines": 0, "excluded_lines": 0}, "missing_lines": [], "excluded_lines": []}, "ContextRetriever._update_stats": {"executed_lines": [292, 293, 296, 297, 298, 301, 302, 303, 304], "summary": {"covered_lines": 9, "num_statements": 9, "percent_covered": 100.0, "percent_covered_display": "100", "missing_lines": 0, "excluded_lines": 0}, "missing_lines": [], "excluded_lines": []}, "ContextRetriever.add_documents": {"executed_lines": [], "summary": {"covered_lines": 0, "num_statements": 3, "percent_covered": 0.0, "percent_covered_display": "0", "missing_lines": 3, "excluded_lines": 0}, "missing_lines": [308, 309, 310], "excluded_lines": []}, "ContextRetriever.get_stats": {"executed_lines": [], "summary": {"covered_lines": 0, "num_statements": 1, "percent_covered": 0.0, "percent_covered_display": "0", "missing_lines": 1, "excluded_lines": 0}, "missing_lines": [314], "excluded_lines": []}, "ContextRetriever.reset_stats": {"executed_lines": [], "summary": {"covered_lines": 0, "num_statements": 1, "percent_covered": 0.0, "percent_covered_display": "0", "missing_lines": 1, "excluded_lines": 0}, "missing_lines": [318], "excluded_lines": []}, "retrieve_context": {"executed_lines": [], "summary": {"covered_lines": 0, "num_statements": 2, "percent_covered": 0.0, "percent_covered_display": "0", "missing_lines": 2, "excluded_lines": 0}, "missing_lines": [343, 344], "excluded_lines": []}, "": {"executed_lines": [1, 19, 20, 21, 22, 23, 24, 26, 29, 30, 31, 32, 33, 36, 37, 38, 39, 40, 41, 42, 43, 44, 47, 48, 54, 82, 90, 136, 154, 184, 211, 229, 248, 266, 282, 286, 306, 312, 316, 325], "summary": {"covered_lines": 36, "num_statements": 36, "percent_covered": 100.0, "percent_covered_display": "100", "missing_lines": 0, "excluded_lines": 0}, "missing_lines": [], "excluded_lines": []}}, "classes": {"RetrievalStrategy": {"executed_lines": [], "summary": {"covered_lines": 0, "num_statements": 0, "percent_covered": 100.0, "percent_covered_display": "100", "missing_lines": 0, "excluded_lines": 0}, "missing_lines": [], "excluded_lines": []}, "RetrievedDocument": {"executed_lines": [], "summary": {"covered_lines": 0, "num_statements": 0, "percent_covered": 100.0, "percent_covered_display": "100", "missing_lines": 0, "excluded_lines": 0}, "missing_lines": [], "excluded_lines": []}, "ContextRetriever": {"executed_lines": [68, 69, 70, 71, 76, 77, 85, 86, 87, 88, 107, 108, 111, 113, 116, 119, 123, 126, 127, 129, 134, 142, 143, 145, 146, 147, 148, 151, 152, 156, 157, 159, 160, 162, 165, 166, 167, 169, 170, 171, 172, 173, 175, 176, 177, 179, 181, 182, 187, 188, 191, 194, 195, 196, 197, 200, 201, 202, 203, 204, 207, 208, 209, 213, 215, 216, 217, 218, 227, 250, 251, 252, 254, 255, 256, 257, 260, 261, 262, 264, 268, 271, 274, 275, 277, 280, 284, 292, 293, 296, 297, 298, 301, 302, 303, 304], "summary": {"covered_lines": 96, "num_statements": 116, "percent_covered": 82.75862068965517, "percent_covered_display": "83", "missing_lines": 20, "excluded_lines": 0}, "missing_lines": [112, 114, 120, 235, 237, 238, 239, 240, 241, 242, 243, 244, 246, 269, 278, 308, 309, 310, 314, 318], "excluded_lines": []}, "": {"executed_lines": [1, 19, 20, 21, 22, 23, 24, 26, 29, 30, 31, 32, 33, 36, 37, 38, 39, 40, 41, 42, 43, 44, 47, 48, 54, 82, 90, 136, 154, 184, 211, 229, 248, 266, 282, 286, 306, 312, 316, 325], "summary": {"covered_lines": 36, "num_statements": 38, "percent_covered": 94.73684210526316, "percent_covered_display": "95", "missing_lines": 2, "excluded_lines": 0}, "missing_lines": [343, 344], "excluded_lines": []}}}, "backend\\llm_integration\\llm_cache_layer.py": {"executed_lines": [1, 19, 20, 21, 22, 23, 24, 25, 27, 30, 31, 32, 33, 34, 35, 36, 37, 38, 39, 40, 41, 43, 45, 46, 48, 50, 51, 54, 55, 56, 57, 58, 59, 60, 61, 62, 63, 64, 66, 67, 73, 74, 81, 82, 88, 96, 97, 98, 99, 100, 101, 103, 114, 115, 117, 120, 121, 124, 131, 132, 133, 134, 135, 136, 139, 140, 151, 152, 153, 154, 155, 157, 175, 176, 178, 181, 185, 196, 199, 201, 202, 203, 205, 208, 210, 211, 213, 224, 226, 227, 229, 244, 246, 262, 271, 273, 274, 275, 276, 278, 280, 281, 282, 284, 290, 308, 312, 317, 332, 346, 349, 352, 353, 354], "summary": {"covered_lines": 110, "num_statements": 164, "percent_covered": 67.07317073170732, "percent_covered_display": "67", "missing_lines": 54, "excluded_lines": 0}, "missing_lines": [69, 70, 71, 76, 77, 78, 125, 126, 127, 128, 141, 142, 143, 144, 145, 146, 147, 148, 182, 230, 231, 233, 236, 237, 238, 240, 241, 242, 248, 249, 252, 257, 258, 259, 260, 264, 265, 267, 268, 269, 286, 287, 288, 297, 302, 303, 305, 306, 310, 314, 315, 319, 321, 342], "excluded_lines": [], "functions": {"CachedResponse.is_expired": {"executed_lines": [45, 46], "summary": {"covered_lines": 2, "num_statements": 2, "percent_covered": 100.0, "percent_covered_display": "100", "missing_lines": 0, "excluded_lines": 0}, "missing_lines": [], "excluded_lines": []}, "CachedResponse.mark_accessed": {"executed_lines": [50, 51], "summary": {"covered_lines": 2, "num_statements": 2, "percent_covered": 100.0, "percent_covered_display": "100", "missing_lines": 0, "excluded_lines": 0}, "missing_lines": [], "excluded_lines": []}, "CacheStats.hit_rate": {"executed_lines": [], "summary": {"covered_lines": 0, "num_statements": 3, "percent_covered": 0.0, "percent_covered_display": "0", "missing_lines": 3, "excluded_lines": 0}, "missing_lines": [69, 70, 71], "excluded_lines": []}, "CacheStats.miss_rate": {"executed_lines": [], "summary": {"covered_lines": 0, "num_statements": 3, "percent_covered": 0.0, "percent_covered_display": "0", "missing_lines": 3, "excluded_lines": 0}, "missing_lines": [76, 77, 78], "excluded_lines": []}, "LLMCacheLayer.__init__": {"executed_lines": [96, 97, 98, 99, 100, 101], "summary": {"covered_lines": 6, "num_statements": 6, "percent_covered": 100.0, "percent_covered_display": "100", "missing_lines": 0, "excluded_lines": 0}, "missing_lines": [], "excluded_lines": []}, "LLMCacheLayer.get": {"executed_lines": [114, 115, 117, 120, 121, 124, 131, 132, 133, 134, 135, 136, 139, 140, 151, 152, 153, 154, 155], "summary": {"covered_lines": 19, "num_statements": 31, "percent_covered": 61.29032258064516, "percent_covered_display": "61", "missing_lines": 12, "excluded_lines": 0}, "missing_lines": [125, 126, 127, 128, 141, 142, 143, 144, 145, 146, 147, 148], "excluded_lines": []}, "LLMCacheLayer.set": {"executed_lines": [175, 176, 178, 181, 185, 196, 199, 201, 202, 203], "summary": {"covered_lines": 10, "num_statements": 11, "percent_covered": 90.9090909090909, "percent_covered_display": "91", "missing_lines": 1, "excluded_lines": 0}, "missing_lines": [182], "excluded_lines": []}, "LLMCacheLayer._generate_key": {"executed_lines": [208, 210, 211], "summary": {"covered_lines": 3, "num_statements": 3, "percent_covered": 100.0, "percent_covered_display": "100", "missing_lines": 0, "excluded_lines": 0}, "missing_lines": [], "excluded_lines": []}, "LLMCacheLayer._find_similar": {"executed_lines": [224, 226, 227, 229, 244], "summary": {"covered_lines": 5, "num_statements": 14, "percent_covered": 35.714285714285715, "percent_covered_display": "36", "missing_lines": 9, "excluded_lines": 0}, "missing_lines": [230, 231, 233, 236, 237, 238, 240, 241, 242], "excluded_lines": []}, "LLMCacheLayer._evict_oldest": {"executed_lines": [], "summary": {"covered_lines": 0, "num_statements": 7, "percent_covered": 0.0, "percent_covered_display": "0", "missing_lines": 7, "excluded_lines": 0}, "missing_lines": [248, 249, 252, 257, 258, 259, 260], "excluded_lines": []}, "LLMCacheLayer._remove_entry": {"executed_lines": [], "summary": {"covered_lines": 0, "num_statements": 5, "percent_covered": 0.0, "percent_covered_display": "0", "missing_lines": 5, "excluded_lines": 0}, "missing_lines": [264, 265, 267, 268, 269], "excluded_lines": []}, "LLMCacheLayer._track_semantic": {"executed_lines": [273, 274, 275, 276], "summary": {"covered_lines": 4, "num_statements": 4, "percent_covered": 100.0, "percent_covered_display": "100", "missing_lines": 0, "excluded_lines": 0}, "missing_lines": [], "excluded_lines": []}, "LLMCacheLayer._update_latency": {"executed_lines": [280, 281, 282], "summary": {"covered_lines": 3, "num_statements": 3, "percent_covered": 100.0, "percent_covered_display": "100", "missing_lines": 0, "excluded_lines": 0}, "missing_lines": [], "excluded_lines": []}, "LLMCacheLayer.clear": {"executed_lines": [], "summary": {"covered_lines": 0, "num_statements": 3, "percent_covered": 0.0, "percent_covered_display": "0", "missing_lines": 3, "excluded_lines": 0}, "missing_lines": [286, 287, 288], "excluded_lines": []}, "LLMCacheLayer.cleanup_expired": {"executed_lines": [], "summary": {"covered_lines": 0, "num_statements": 5, "percent_covered": 0.0, "percent_covered_display": "0", "missing_lines": 5, "excluded_lines": 0}, "missing_lines": [297, 302, 303, 305, 306], "excluded_lines": []}, "LLMCacheLayer.get_stats": {"executed_lines": [], "summary": {"covered_lines": 0, "num_statements": 1, "percent_covered": 0.0, "percent_covered_display": "0", "missing_lines": 1, "excluded_lines": 0}, "missing_lines": [310], "excluded_lines": []}, "LLMCacheLayer.reset_stats": {"executed_lines": [], "summary": {"covered_lines": 0, "num_statements": 2, "percent_covered": 0.0, "percent_covered_display": "0", "missing_lines": 2, "excluded_lines": 0}, "missing_lines": [314, 315], "excluded_lines": []}, "LLMCacheLayer.get_cache_info": {"executed_lines": [], "summary": {"covered_lines": 0, "num_statements": 2, "percent_covered": 0.0, "percent_covered_display": "0", "missing_lines": 2, "excluded_lines": 0}, "missing_lines": [319, 321], "excluded_lines": []}, "LLMCacheLayer.estimate_cost_savings": {"executed_lines": [], "summary": {"covered_lines": 0, "num_statements": 1, "percent_covered": 0.0, "percent_covered_display": "0", "missing_lines": 1, "excluded_lines": 0}, "missing_lines": [342], "excluded_lines": []}, "get_llm_cache": {"executed_lines": [352, 353, 354], "summary": {"covered_lines": 3, "num_statements": 3, "percent_covered": 100.0, "percent_covered_display": "100", "missing_lines": 0, "excluded_lines": 0}, "missing_lines": [], "excluded_lines": []}, "": {"executed_lines": [1, 19, 20, 21, 22, 23, 24, 25, 27, 30, 31, 32, 33, 34, 35, 36, 37, 38, 39, 40, 41, 43, 48, 54, 55, 56, 57, 58, 59, 60, 61, 62, 63, 64, 66, 67, 73, 74, 81, 82, 88, 103, 157, 205, 213, 246, 262, 271, 278, 284, 290, 308, 312, 317, 332, 346, 349], "summary": {"covered_lines": 53, "num_statements": 53, "percent_covered": 100.0, "percent_covered_display": "100", "missing_lines": 0, "excluded_lines": 0}, "missing_lines": [], "excluded_lines": []}}, "classes": {"CachedResponse": {"executed_lines": [45, 46, 50, 51], "summary": {"covered_lines": 4, "num_statements": 4, "percent_covered": 100.0, "percent_covered_display": "100", "missing_lines": 0, "excluded_lines": 0}, "missing_lines": [], "excluded_lines": []}, "CacheStats": {"executed_lines": [], "summary": {"covered_lines": 0, "num_statements": 6, "percent_covered": 0.0, "percent_covered_display": "0", "missing_lines": 6, "excluded_lines": 0}, "missing_lines": [69, 70, 71, 76, 77, 78], "excluded_lines": []}, "LLMCacheLayer": {"executed_lines": [96, 97, 98, 99, 100, 101, 114, 115, 117, 120, 121, 124, 131, 132, 133, 134, 135, 136, 139, 140, 151, 152, 153, 154, 155, 175, 176, 178, 181, 185, 196, 199, 201, 202, 203, 208, 210, 211, 224, 226, 227, 229, 244, 273, 274, 275, 276, 280, 281, 282], "summary": {"covered_lines": 50, "num_statements": 98, "percent_covered": 51.02040816326531, "percent_covered_display": "51", "missing_lines": 48, "excluded_lines": 0}, "missing_lines": [125, 126, 127, 128, 141, 142, 143, 144, 145, 146, 147, 148, 182, 230, 231, 233, 236, 237, 238, 240, 241, 242, 248, 249, 252, 257, 258, 259, 260, 264, 265, 267, 268, 269, 286, 287, 288, 297, 302, 303, 305, 306, 310, 314, 315, 319, 321, 342], "excluded_lines": []}, "": {"executed_lines": [1, 19, 20, 21, 22, 23, 24, 25, 27, 30, 31, 32, 33, 34, 35, 36, 37, 38, 39, 40, 41, 43, 48, 54, 55, 56, 57, 58, 59, 60, 61, 62, 63, 64, 66, 67, 73, 74, 81, 82, 88, 103, 157, 205, 213, 246, 262, 271, 278, 284, 290, 308, 312, 317, 332, 346, 349, 352, 353, 354], "summary": {"covered_lines": 56, "num_statements": 56, "percent_covered": 100.0, "percent_covered_display": "100", "missing_lines": 0, "excluded_lines": 0}, "missing_lines": [], "excluded_lines": []}}}, "backend\\llm_integration\\llm_failover_handler.py": {"executed_lines": [1, 19, 20, 21, 22, 23, 24, 25, 27, 30, 31, 32, 33, 34, 35, 36, 37, 38, 41, 42, 43, 44, 45, 48, 49, 50, 51, 52, 53, 54, 55, 56, 59, 60, 61, 62, 63, 64, 65, 66, 69, 70, 76, 90, 91, 92, 95, 96, 99, 100, 108, 115, 117, 119, 120, 128, 214, 241, 256, 292, 302, 321, 330, 337, 362, 375, 377, 379, 393, 396, 403, 404, 409], "summary": {"covered_lines": 67, "num_statements": 179, "percent_covered": 37.43016759776536, "percent_covered_display": "37", "missing_lines": 112, "excluded_lines": 0}, "missing_lines": [151, 152, 153, 155, 156, 158, 159, 160, 163, 164, 165, 166, 167, 168, 170, 173, 174, 177, 179, 181, 182, 183, 186, 189, 191, 193, 194, 198, 199, 200, 203, 204, 205, 206, 207, 208, 210, 212, 216, 217, 219, 220, 222, 223, 225, 227, 229, 230, 231, 232, 233, 235, 237, 239, 243, 244, 246, 247, 250, 251, 252, 253, 254, 263, 266, 272, 274, 275, 277, 278, 279, 282, 283, 284, 287, 294, 295, 297, 298, 300, 304, 306, 307, 308, 309, 310, 311, 312, 313, 314, 315, 316, 317, 319, 323, 328, 333, 334, 335, 339, 340, 341, 342, 349, 352, 353, 354, 360, 364, 381, 388, 389], "excluded_lines": [], "functions": {"LLMFailoverHandler.__init__": {"executed_lines": [90, 91, 92, 95, 96, 99, 100, 108], "summary": {"covered_lines": 8, "num_statements": 8, "percent_covered": 100.0, "percent_covered_display": "100", "missing_lines": 0, "excluded_lines": 0}, "missing_lines": [], "excluded_lines": []}, "LLMFailoverHandler._initialize_circuit_breakers": {"executed_lines": [117, 119, 120], "summary": {"covered_lines": 3, "num_statements": 3, "percent_covered": 100.0, "percent_covered_display": "100", "missing_lines": 0, "excluded_lines": 0}, "missing_lines": [], "excluded_lines": []}, "LLMFailoverHandler.handle_call": {"executed_lines": [], "summary": {"covered_lines": 0, "num_statements": 38, "percent_covered": 0.0, "percent_covered_display": "0", "missing_lines": 38, "excluded_lines": 0}, "missing_lines": [151, 152, 153, 155, 156, 158, 159, 160, 163, 164, 165, 166, 167, 168, 170, 173, 174, 177, 179, 181, 182, 183, 186, 189, 191, 193, 194, 198, 199, 200, 203, 204, 205, 206, 207, 208, 210, 212], "excluded_lines": []}, "LLMFailoverHandler._check_circuit_breaker": {"executed_lines": [], "summary": {"covered_lines": 0, "num_statements": 16, "percent_covered": 0.0, "percent_covered_display": "0", "missing_lines": 16, "excluded_lines": 0}, "missing_lines": [216, 217, 219, 220, 222, 223, 225, 227, 229, 230, 231, 232, 233, 235, 237, 239], "excluded_lines": []}, "LLMFailoverHandler._record_success": {"executed_lines": [], "summary": {"covered_lines": 0, "num_statements": 9, "percent_covered": 0.0, "percent_covered_display": "0", "missing_lines": 9, "excluded_lines": 0}, "missing_lines": [243, 244, 246, 247, 250, 251, 252, 253, 254], "excluded_lines": []}, "LLMFailoverHandler._record_failure": {"executed_lines": [], "summary": {"covered_lines": 0, "num_statements": 12, "percent_covered": 0.0, "percent_covered_display": "0", "missing_lines": 12, "excluded_lines": 0}, "missing_lines": [263, 266, 272, 274, 275, 277, 278, 279, 282, 283, 284, 287], "excluded_lines": []}, "LLMFailoverHandler._get_failover_model": {"executed_lines": [], "summary": {"covered_lines": 0, "num_statements": 5, "percent_covered": 0.0, "percent_covered_display": "0", "missing_lines": 5, "excluded_lines": 0}, "missing_lines": [294, 295, 297, 298, 300], "excluded_lines": []}, "LLMFailoverHandler._categorize_error": {"executed_lines": [], "summary": {"covered_lines": 0, "num_statements": 14, "percent_covered": 0.0, "percent_covered_display": "0", "missing_lines": 14, "excluded_lines": 0}, "missing_lines": [304, 306, 307, 308, 309, 310, 311, 312, 313, 314, 315, 316, 317, 319], "excluded_lines": []}, "LLMFailoverHandler._is_retryable": {"executed_lines": [], "summary": {"covered_lines": 0, "num_statements": 2, "percent_covered": 0.0, "percent_covered_display": "0", "missing_lines": 2, "excluded_lines": 0}, "missing_lines": [323, 328], "excluded_lines": []}, "LLMFailoverHandler._calculate_backoff": {"executed_lines": [], "summary": {"covered_lines": 0, "num_statements": 3, "percent_covered": 0.0, "percent_covered_display": "0", "missing_lines": 3, "excluded_lines": 0}, "missing_lines": [333, 334, 335], "excluded_lines": []}, "LLMFailoverHandler.get_circuit_status": {"executed_lines": [], "summary": {"covered_lines": 0, "num_statements": 9, "percent_covered": 0.0, "percent_covered_display": "0", "missing_lines": 9, "excluded_lines": 0}, "missing_lines": [339, 340, 341, 342, 349, 352, 353, 354, 360], "excluded_lines": []}, "LLMFailoverHandler.get_failure_report": {"executed_lines": [], "summary": {"covered_lines": 0, "num_statements": 1, "percent_covered": 0.0, "percent_covered_display": "0", "missing_lines": 1, "excluded_lines": 0}, "missing_lines": [364], "excluded_lines": []}, "LLMFailoverHandler.get_stats": {"executed_lines": [377], "summary": {"covered_lines": 1, "num_statements": 1, "percent_covered": 100.0, "percent_covered_display": "100", "missing_lines": 0, "excluded_lines": 0}, "missing_lines": [], "excluded_lines": []}, "LLMFailoverHandler.reset_stats": {"executed_lines": [], "summary": {"covered_lines": 0, "num_statements": 3, "percent_covered": 0.0, "percent_covered_display": "0", "missing_lines": 3, "excluded_lines": 0}, "missing_lines": [381, 388, 389], "excluded_lines": []}, "get_failover_handler": {"executed_lines": [403, 404, 409], "summary": {"covered_lines": 3, "num_statements": 3, "percent_covered": 100.0, "percent_covered_display": "100", "missing_lines": 0, "excluded_lines": 0}, "missing_lines": [], "excluded_lines": []}, "": {"executed_lines": [1, 19, 20, 21, 22, 23, 24, 25, 27, 30, 31, 32, 33, 34, 35, 36, 37, 38, 41, 42, 43, 44, 45, 48, 49, 50, 51, 52, 53, 54, 55, 56, 59, 60, 61, 62, 63, 64, 65, 66, 69, 70, 76, 115, 128, 214, 241, 256, 292, 302, 321, 330, 337, 362, 375, 379, 393, 396], "summary": {"covered_lines": 52, "num_statements": 52, "percent_covered": 100.0, "percent_covered_display": "100", "missing_lines": 0, "excluded_lines": 0}, "missing_lines": [], "excluded_lines": []}}, "classes": {"ErrorCategory": {"executed_lines": [], "summary": {"covered_lines": 0, "num_statements": 0, "percent_covered": 100.0, "percent_covered_display": "100", "missing_lines": 0, "excluded_lines": 0}, "missing_lines": [], "excluded_lines": []}, "CircuitState": {"executed_lines": [], "summary": {"covered_lines": 0, "num_statements": 0, "percent_covered": 100.0, "percent_covered_display": "100", "missing_lines": 0, "excluded_lines": 0}, "missing_lines": [], "excluded_lines": []}, "FailureRecord": {"executed_lines": [], "summary": {"covered_lines": 0, "num_statements": 0, "percent_covered": 100.0, "percent_covered_display": "100", "missing_lines": 0, "excluded_lines": 0}, "missing_lines": [], "excluded_lines": []}, "CircuitBreakerStatus": {"executed_lines": [], "summary": {"covered_lines": 0, "num_statements": 0, "percent_covered": 100.0, "percent_covered_display": "100", "missing_lines": 0, "excluded_lines": 0}, "missing_lines": [], "excluded_lines": []}, "LLMFailoverHandler": {"executed_lines": [90, 91, 92, 95, 96, 99, 100, 108, 117, 119, 120, 377], "summary": {"covered_lines": 12, "num_statements": 124, "percent_covered": 9.67741935483871, "percent_covered_display": "10", "missing_lines": 112, "excluded_lines": 0}, "missing_lines": [151, 152, 153, 155, 156, 158, 159, 160, 163, 164, 165, 166, 167, 168, 170, 173, 174, 177, 179, 181, 182, 183, 186, 189, 191, 193, 194, 198, 199, 200, 203, 204, 205, 206, 207, 208, 210, 212, 216, 217, 219, 220, 222, 223, 225, 227, 229, 230, 231, 232, 233, 235, 237, 239, 243, 244, 246, 247, 250, 251, 252, 253, 254, 263, 266, 272, 274, 275, 277, 278, 279, 282, 283, 284, 287, 294, 295, 297, 298, 300, 304, 306, 307, 308, 309, 310, 311, 312, 313, 314, 315, 316, 317, 319, 323, 328, 333, 334, 335, 339, 340, 341, 342, 349, 352, 353, 354, 360, 364, 381, 388, 389], "excluded_lines": []}, "": {"executed_lines": [1, 19, 20, 21, 22, 23, 24, 25, 27, 30, 31, 32, 33, 34, 35, 36, 37, 38, 41, 42, 43, 44, 45, 48, 49, 50, 51, 52, 53, 54, 55, 56, 59, 60, 61, 62, 63, 64, 65, 66, 69, 70, 76, 115, 128, 214, 241, 256, 292, 302, 321, 330, 337, 362, 375, 379, 393, 396, 403, 404, 409], "summary": {"covered_lines": 55, "num_statements": 55, "percent_covered": 100.0, "percent_covered_display": "100", "missing_lines": 0, "excluded_lines": 0}, "missing_lines": [], "excluded_lines": []}}}, "backend\\llm_integration\\llm_foundation.py": {"executed_lines": [], "summary": {"covered_lines": 0, "num_statements": 203, "percent_covered": 0.0, "percent_covered_display": "0", "missing_lines": 203, "excluded_lines": 0}, "missing_lines": [12, 13, 14, 15, 16, 17, 18, 19, 20, 21, 23, 25, 27, 28, 29, 31, 32, 34, 35, 36, 37, 38, 39, 40, 41, 43, 44, 46, 47, 48, 49, 50, 51, 52, 53, 55, 57, 58, 59, 60, 62, 64, 66, 68, 70, 73, 74, 75, 76, 77, 78, 80, 81, 83, 85, 86, 88, 90, 92, 99, 102, 103, 104, 107, 109, 111, 113, 115, 116, 117, 118, 121, 124, 125, 127, 128, 129, 131, 144, 145, 146, 155, 157, 159, 160, 161, 162, 163, 165, 168, 169, 170, 173, 175, 177, 179, 180, 183, 184, 186, 187, 188, 190, 203, 204, 205, 214, 216, 217, 218, 219, 220, 221, 223, 226, 227, 228, 231, 233, 235, 237, 238, 241, 242, 244, 245, 246, 248, 261, 262, 263, 272, 274, 275, 276, 277, 278, 279, 281, 284, 285, 286, 288, 290, 291, 293, 297, 298, 300, 301, 304, 305, 306, 307, 309, 310, 311, 313, 314, 316, 317, 318, 321, 322, 325, 327, 329, 338, 341, 344, 345, 346, 349, 350, 351, 353, 354, 355, 357, 358, 359, 362, 363, 364, 365, 366, 368, 370, 372, 374, 375, 377, 380, 386, 387, 388, 389, 390, 392, 393, 396, 397, 399], "excluded_lines": [], "functions": {"LLMError.__init__": {"executed_lines": [], "summary": {"covered_lines": 0, "num_statements": 3, "percent_covered": 0.0, "percent_covered_display": "0", "missing_lines": 3, "excluded_lines": 0}, "missing_lines": [58, 59, 60], "excluded_lines": []}, "LLMProvider_ABC.__init__": {"executed_lines": [], "summary": {"covered_lines": 0, "num_statements": 5, "percent_covered": 0.0, "percent_covered_display": "0", "missing_lines": 5, "excluded_lines": 0}, "missing_lines": [74, 75, 76, 77, 78], "excluded_lines": []}, "LLMProvider_ABC.generate_response": {"executed_lines": [], "summary": {"covered_lines": 0, "num_statements": 1, "percent_covered": 0.0, "percent_covered_display": "0", "missing_lines": 1, "excluded_lines": 0}, "missing_lines": [83], "excluded_lines": []}, "LLMProvider_ABC.validate_connection": {"executed_lines": [], "summary": {"covered_lines": 0, "num_statements": 1, "percent_covered": 0.0, "percent_covered_display": "0", "missing_lines": 1, "excluded_lines": 0}, "missing_lines": [88], "excluded_lines": []}, "LLMProvider_ABC.get_stats": {"executed_lines": [], "summary": {"covered_lines": 0, "num_statements": 1, "percent_covered": 0.0, "percent_covered_display": "0", "missing_lines": 1, "excluded_lines": 0}, "missing_lines": [92], "excluded_lines": []}, "OpenAIGPT4Provider.__init__": {"executed_lines": [], "summary": {"covered_lines": 0, "num_statements": 3, "percent_covered": 0.0, "percent_covered_display": "0", "missing_lines": 3, "excluded_lines": 0}, "missing_lines": [103, 104, 107], "excluded_lines": []}, "OpenAIGPT4Provider.generate_response": {"executed_lines": [], "summary": {"covered_lines": 0, "num_statements": 16, "percent_covered": 0.0, "percent_covered_display": "0", "missing_lines": 16, "excluded_lines": 0}, "missing_lines": [111, 113, 115, 116, 117, 118, 121, 124, 125, 127, 128, 129, 131, 144, 145, 146], "excluded_lines": []}, "OpenAIGPT4Provider.validate_connection": {"executed_lines": [], "summary": {"covered_lines": 0, "num_statements": 6, "percent_covered": 0.0, "percent_covered_display": "0", "missing_lines": 6, "excluded_lines": 0}, "missing_lines": [157, 159, 160, 161, 162, 163], "excluded_lines": []}, "AnthropicClaudeProvider.__init__": {"executed_lines": [], "summary": {"covered_lines": 0, "num_statements": 3, "percent_covered": 0.0, "percent_covered_display": "0", "missing_lines": 3, "excluded_lines": 0}, "missing_lines": [169, 170, 173], "excluded_lines": []}, "AnthropicClaudeProvider.generate_response": {"executed_lines": [], "summary": {"covered_lines": 0, "num_statements": 12, "percent_covered": 0.0, "percent_covered_display": "0", "missing_lines": 12, "excluded_lines": 0}, "missing_lines": [177, 179, 180, 183, 184, 186, 187, 188, 190, 203, 204, 205], "excluded_lines": []}, "AnthropicClaudeProvider.validate_connection": {"executed_lines": [], "summary": {"covered_lines": 0, "num_statements": 6, "percent_covered": 0.0, "percent_covered_display": "0", "missing_lines": 6, "excluded_lines": 0}, "missing_lines": [216, 217, 218, 219, 220, 221], "excluded_lines": []}, "GoogleGeminiProvider.__init__": {"executed_lines": [], "summary": {"covered_lines": 0, "num_statements": 3, "percent_covered": 0.0, "percent_covered_display": "0", "missing_lines": 3, "excluded_lines": 0}, "missing_lines": [227, 228, 231], "excluded_lines": []}, "GoogleGeminiProvider.generate_response": {"executed_lines": [], "summary": {"covered_lines": 0, "num_statements": 12, "percent_covered": 0.0, "percent_covered_display": "0", "missing_lines": 12, "excluded_lines": 0}, "missing_lines": [235, 237, 238, 241, 242, 244, 245, 246, 248, 261, 262, 263], "excluded_lines": []}, "GoogleGeminiProvider.validate_connection": {"executed_lines": [], "summary": {"covered_lines": 0, "num_statements": 6, "percent_covered": 0.0, "percent_covered_display": "0", "missing_lines": 6, "excluded_lines": 0}, "missing_lines": [274, 275, 276, 277, 278, 279], "excluded_lines": []}, "LLMManager.__init__": {"executed_lines": [], "summary": {"covered_lines": 0, "num_statements": 2, "percent_covered": 0.0, "percent_covered_display": "0", "missing_lines": 2, "excluded_lines": 0}, "missing_lines": [285, 286], "excluded_lines": []}, "LLMManager.register_provider": {"executed_lines": [], "summary": {"covered_lines": 0, "num_statements": 2, "percent_covered": 0.0, "percent_covered_display": "0", "missing_lines": 2, "excluded_lines": 0}, "missing_lines": [290, 291], "excluded_lines": []}, "LLMManager.generate_with_retry": {"executed_lines": [], "summary": {"covered_lines": 0, "num_statements": 19, "percent_covered": 0.0, "percent_covered_display": "0", "missing_lines": 19, "excluded_lines": 0}, "missing_lines": [297, 298, 300, 301, 304, 305, 306, 307, 309, 310, 311, 313, 314, 316, 317, 318, 321, 322, 325], "excluded_lines": []}, "LLMManager.get_all_stats": {"executed_lines": [], "summary": {"covered_lines": 0, "num_statements": 1, "percent_covered": 0.0, "percent_covered_display": "0", "missing_lines": 1, "excluded_lines": 0}, "missing_lines": [329], "excluded_lines": []}, "create_llm_manager": {"executed_lines": [], "summary": {"covered_lines": 0, "num_statements": 19, "percent_covered": 0.0, "percent_covered_display": "0", "missing_lines": 19, "excluded_lines": 0}, "missing_lines": [341, 344, 345, 346, 349, 350, 351, 353, 354, 355, 357, 358, 359, 362, 363, 364, 365, 366, 368], "excluded_lines": []}, "test_llm_integration": {"executed_lines": [], "summary": {"covered_lines": 0, "num_statements": 12, "percent_covered": 0.0, "percent_covered_display": "0", "missing_lines": 12, "excluded_lines": 0}, "missing_lines": [375, 377, 380, 386, 387, 388, 389, 390, 392, 393, 396, 397], "excluded_lines": []}, "": {"executed_lines": [], "summary": {"covered_lines": 0, "num_statements": 70, "percent_covered": 0.0, "percent_covered_display": "0", "missing_lines": 70, "excluded_lines": 0}, "missing_lines": [12, 13, 14, 15, 16, 17, 18, 19, 20, 21, 23, 25, 27, 28, 29, 31, 32, 34, 35, 36, 37, 38, 39, 40, 41, 43, 44, 46, 47, 48, 49, 50, 51, 52, 53, 55, 57, 62, 64, 66, 68, 70, 73, 80, 81, 85, 86, 90, 99, 102, 109, 155, 165, 168, 175, 214, 223, 226, 233, 272, 281, 284, 288, 293, 327, 338, 370, 372, 374, 399], "excluded_lines": []}}, "classes": {"LLMProvider": {"executed_lines": [], "summary": {"covered_lines": 0, "num_statements": 0, "percent_covered": 100.0, "percent_covered_display": "100", "missing_lines": 0, "excluded_lines": 0}, "missing_lines": [], "excluded_lines": []}, "LLMRequest": {"executed_lines": [], "summary": {"covered_lines": 0, "num_statements": 0, "percent_covered": 100.0, "percent_covered_display": "100", "missing_lines": 0, "excluded_lines": 0}, "missing_lines": [], "excluded_lines": []}, "LLMResponse": {"executed_lines": [], "summary": {"covered_lines": 0, "num_statements": 0, "percent_covered": 100.0, "percent_covered_display": "100", "missing_lines": 0, "excluded_lines": 0}, "missing_lines": [], "excluded_lines": []}, "LLMError": {"executed_lines": [], "summary": {"covered_lines": 0, "num_statements": 3, "percent_covered": 0.0, "percent_covered_display": "0", "missing_lines": 3, "excluded_lines": 0}, "missing_lines": [58, 59, 60], "excluded_lines": []}, "LLMRateLimitError": {"executed_lines": [], "summary": {"covered_lines": 0, "num_statements": 0, "percent_covered": 100.0, "percent_covered_display": "100", "missing_lines": 0, "excluded_lines": 0}, "missing_lines": [], "excluded_lines": []}, "LLMAuthenticationError": {"executed_lines": [], "summary": {"covered_lines": 0, "num_statements": 0, "percent_covered": 100.0, "percent_covered_display": "100", "missing_lines": 0, "excluded_lines": 0}, "missing_lines": [], "excluded_lines": []}, "LLMProvider_ABC": {"executed_lines": [], "summary": {"covered_lines": 0, "num_statements": 8, "percent_covered": 0.0, "percent_covered_display": "0", "missing_lines": 8, "excluded_lines": 0}, "missing_lines": [74, 75, 76, 77, 78, 83, 88, 92], "excluded_lines": []}, "OpenAIGPT4Provider": {"executed_lines": [], "summary": {"covered_lines": 0, "num_statements": 25, "percent_covered": 0.0, "percent_covered_display": "0", "missing_lines": 25, "excluded_lines": 0}, "missing_lines": [103, 104, 107, 111, 113, 115, 116, 117, 118, 121, 124, 125, 127, 128, 129, 131, 144, 145, 146, 157, 159, 160, 161, 162, 163], "excluded_lines": []}, "AnthropicClaudeProvider": {"executed_lines": [], "summary": {"covered_lines": 0, "num_statements": 21, "percent_covered": 0.0, "percent_covered_display": "0", "missing_lines": 21, "excluded_lines": 0}, "missing_lines": [169, 170, 173, 177, 179, 180, 183, 184, 186, 187, 188, 190, 203, 204, 205, 216, 217, 218, 219, 220, 221], "excluded_lines": []}, "GoogleGeminiProvider": {"executed_lines": [], "summary": {"covered_lines": 0, "num_statements": 21, "percent_covered": 0.0, "percent_covered_display": "0", "missing_lines": 21, "excluded_lines": 0}, "missing_lines": [227, 228, 231, 235, 237, 238, 241, 242, 244, 245, 246, 248, 261, 262, 263, 274, 275, 276, 277, 278, 279], "excluded_lines": []}, "LLMManager": {"executed_lines": [], "summary": {"covered_lines": 0, "num_statements": 24, "percent_covered": 0.0, "percent_covered_display": "0", "missing_lines": 24, "excluded_lines": 0}, "missing_lines": [285, 286, 290, 291, 297, 298, 300, 301, 304, 305, 306, 307, 309, 310, 311, 313, 314, 316, 317, 318, 321, 322, 325, 329], "excluded_lines": []}, "": {"executed_lines": [], "summary": {"covered_lines": 0, "num_statements": 101, "percent_covered": 0.0, "percent_covered_display": "0", "missing_lines": 101, "excluded_lines": 0}, "missing_lines": [12, 13, 14, 15, 16, 17, 18, 19, 20, 21, 23, 25, 27, 28, 29, 31, 32, 34, 35, 36, 37, 38, 39, 40, 41, 43, 44, 46, 47, 48, 49, 50, 51, 52, 53, 55, 57, 62, 64, 66, 68, 70, 73, 80, 81, 85, 86, 90, 99, 102, 109, 155, 165, 168, 175, 214, 223, 226, 233, 272, 281, 284, 288, 293, 327, 338, 341, 344, 345, 346, 349, 350, 351, 353, 354, 355, 357, 358, 359, 362, 363, 364, 365, 366, 368, 370, 372, 374, 375, 377, 380, 386, 387, 388, 389, 390, 392, 393, 396, 397, 399], "excluded_lines": []}}}, "backend\\llm_integration\\llm_quality_monitor.py": {"executed_lines": [1, 20, 21, 22, 23, 24, 25, 27, 30, 31, 32, 33, 34, 35, 36, 39, 40, 41, 42, 43, 44, 45, 46, 47, 48, 49, 50, 51, 54, 55, 62, 71, 77, 79, 80, 86, 88, 108, 109, 110, 111, 112, 115, 117, 118, 120, 123, 129, 132, 135, 137, 138, 147, 148, 150, 152, 155, 158, 171, 173, 179, 181, 198, 201, 202, 208, 209, 214, 215, 216, 218, 220, 222, 224, 227, 230, 231, 232, 237, 241, 242, 245, 246, 249, 251, 253, 255, 258, 259, 260, 269, 273, 275, 277, 280, 281, 285, 290, 297, 301, 306, 308, 310, 312, 314, 315, 318, 319, 320, 323, 325, 328, 332, 338, 342, 359, 372, 375, 378, 379, 380], "summary": {"covered_lines": 117, "num_statements": 160, "percent_covered": 73.125, "percent_covered_display": "73", "missing_lines": 43, "excluded_lines": 0}, "missing_lines": [116, 136, 139, 140, 141, 142, 144, 149, 151, 153, 183, 184, 187, 188, 190, 191, 193, 194, 196, 211, 225, 233, 234, 247, 261, 262, 263, 264, 266, 271, 282, 298, 324, 326, 330, 334, 335, 336, 340, 344, 361, 362, 368], "excluded_lines": [], "functions": {"LLMQualityMonitor.__init__": {"executed_lines": [79, 80, 86], "summary": {"covered_lines": 3, "num_statements": 3, "percent_covered": 100.0, "percent_covered_display": "100", "missing_lines": 0, "excluded_lines": 0}, "missing_lines": [], "excluded_lines": []}, "LLMQualityMonitor.evaluate_response": {"executed_lines": [108, 109, 110, 111, 112, 115, 117, 118, 120, 123, 129, 132, 135, 137, 138, 147, 148, 150, 152, 155, 158, 171, 173, 179], "summary": {"covered_lines": 24, "num_statements": 34, "percent_covered": 70.58823529411765, "percent_covered_display": "71", "missing_lines": 10, "excluded_lines": 0}, "missing_lines": [116, 136, 139, 140, 141, 142, 144, 149, 151, 153], "excluded_lines": []}, "LLMQualityMonitor._calculate_accuracy": {"executed_lines": [], "summary": {"covered_lines": 0, "num_statements": 9, "percent_covered": 0.0, "percent_covered_display": "0", "missing_lines": 9, "excluded_lines": 0}, "missing_lines": [183, 184, 187, 188, 190, 191, 193, 194, 196], "excluded_lines": []}, "LLMQualityMonitor._calculate_consistency": {"executed_lines": [201, 202, 208, 209, 214, 215, 216, 218, 220], "summary": {"covered_lines": 9, "num_statements": 10, "percent_covered": 90.0, "percent_covered_display": "90", "missing_lines": 1, "excluded_lines": 0}, "missing_lines": [211], "excluded_lines": []}, "LLMQualityMonitor._calculate_clarity": {"executed_lines": [224, 227, 230, 231, 232, 237, 241, 242, 245, 246, 249], "summary": {"covered_lines": 11, "num_statements": 15, "percent_covered": 73.33333333333333, "percent_covered_display": "73", "missing_lines": 4, "excluded_lines": 0}, "missing_lines": [225, 233, 234, 247], "excluded_lines": []}, "LLMQualityMonitor._calculate_safety": {"executed_lines": [253, 255, 258, 259, 260, 269, 273], "summary": {"covered_lines": 7, "num_statements": 13, "percent_covered": 53.84615384615385, "percent_covered_display": "54", "missing_lines": 6, "excluded_lines": 0}, "missing_lines": [261, 262, 263, 264, 266, 271], "excluded_lines": []}, "LLMQualityMonitor._detect_hallucination_risk": {"executed_lines": [277, 280, 281, 285, 290, 297, 301, 306, 308], "summary": {"covered_lines": 9, "num_statements": 11, "percent_covered": 81.81818181818181, "percent_covered_display": "82", "missing_lines": 2, "excluded_lines": 0}, "missing_lines": [282, 298], "excluded_lines": []}, "LLMQualityMonitor._track_score": {"executed_lines": [312, 314, 315, 318, 319, 320, 323, 325], "summary": {"covered_lines": 8, "num_statements": 10, "percent_covered": 80.0, "percent_covered_display": "80", "missing_lines": 2, "excluded_lines": 0}, "missing_lines": [324, 326], "excluded_lines": []}, "LLMQualityMonitor.get_quality_trend": {"executed_lines": [], "summary": {"covered_lines": 0, "num_statements": 1, "percent_covered": 0.0, "percent_covered_display": "0", "missing_lines": 1, "excluded_lines": 0}, "missing_lines": [330], "excluded_lines": []}, "LLMQualityMonitor.get_average_quality": {"executed_lines": [], "summary": {"covered_lines": 0, "num_statements": 3, "percent_covered": 0.0, "percent_covered_display": "0", "missing_lines": 3, "excluded_lines": 0}, "missing_lines": [334, 335, 336], "excluded_lines": []}, "LLMQualityMonitor.get_stats": {"executed_lines": [], "summary": {"covered_lines": 0, "num_statements": 1, "percent_covered": 0.0, "percent_covered_display": "0", "missing_lines": 1, "excluded_lines": 0}, "missing_lines": [340], "excluded_lines": []}, "LLMQualityMonitor.get_quality_report": {"executed_lines": [], "summary": {"covered_lines": 0, "num_statements": 1, "percent_covered": 0.0, "percent_covered_display": "0", "missing_lines": 1, "excluded_lines": 0}, "missing_lines": [344], "excluded_lines": []}, "LLMQualityMonitor.reset_history": {"executed_lines": [], "summary": {"covered_lines": 0, "num_statements": 3, "percent_covered": 0.0, "percent_covered_display": "0", "missing_lines": 3, "excluded_lines": 0}, "missing_lines": [361, 362, 368], "excluded_lines": []}, "get_quality_monitor": {"executed_lines": [378, 379, 380], "summary": {"covered_lines": 3, "num_statements": 3, "percent_covered": 100.0, "percent_covered_display": "100", "missing_lines": 0, "excluded_lines": 0}, "missing_lines": [], "excluded_lines": []}, "": {"executed_lines": [1, 20, 21, 22, 23, 24, 25, 27, 30, 31, 32, 33, 34, 35, 36, 39, 40, 41, 42, 43, 44, 45, 46, 47, 48, 49, 50, 51, 54, 55, 62, 71, 77, 88, 181, 198, 222, 251, 275, 310, 328, 332, 338, 342, 359, 372, 375], "summary": {"covered_lines": 43, "num_statements": 43, "percent_covered": 100.0, "percent_covered_display": "100", "missing_lines": 0, "excluded_lines": 0}, "missing_lines": [], "excluded_lines": []}}, "classes": {"QualityLevel": {"executed_lines": [], "summary": {"covered_lines": 0, "num_statements": 0, "percent_covered": 100.0, "percent_covered_display": "100", "missing_lines": 0, "excluded_lines": 0}, "missing_lines": [], "excluded_lines": []}, "QualityScore": {"executed_lines": [], "summary": {"covered_lines": 0, "num_statements": 0, "percent_covered": 100.0, "percent_covered_display": "100", "missing_lines": 0, "excluded_lines": 0}, "missing_lines": [], "excluded_lines": []}, "LLMQualityMonitor": {"executed_lines": [79, 80, 86, 108, 109, 110, 111, 112, 115, 117, 118, 120, 123, 129, 132, 135, 137, 138, 147, 148, 150, 152, 155, 158, 171, 173, 179, 201, 202, 208, 209, 214, 215, 216, 218, 220, 224, 227, 230, 231, 232, 237, 241, 242, 245, 246, 249, 253, 255, 258, 259, 260, 269, 273, 277, 280, 281, 285, 290, 297, 301, 306, 308, 312, 314, 315, 318, 319, 320, 323, 325], "summary": {"covered_lines": 71, "num_statements": 114, "percent_covered": 62.280701754385966, "percent_covered_display": "62", "missing_lines": 43, "excluded_lines": 0}, "missing_lines": [116, 136, 139, 140, 141, 142, 144, 149, 151, 153, 183, 184, 187, 188, 190, 191, 193, 194, 196, 211, 225, 233, 234, 247, 261, 262, 263, 264, 266, 271, 282, 298, 324, 326, 330, 334, 335, 336, 340, 344, 361, 362, 368], "excluded_lines": []}, "": {"executed_lines": [1, 20, 21, 22, 23, 24, 25, 27, 30, 31, 32, 33, 34, 35, 36, 39, 40, 41, 42, 43, 44, 45, 46, 47, 48, 49, 50, 51, 54, 55, 62, 71, 77, 88, 181, 198, 222, 251, 275, 310, 328, 332, 338, 342, 359, 372, 375, 378, 379, 380], "summary": {"covered_lines": 46, "num_statements": 46, "percent_covered": 100.0, "percent_covered_display": "100", "missing_lines": 0, "excluded_lines": 0}, "missing_lines": [], "excluded_lines": []}}}, "backend\\llm_integration\\llm_router.py": {"executed_lines": [1, 15, 16, 17, 18, 19, 20, 21, 22, 23, 24, 25, 27, 30, 31, 32, 33, 34, 35, 36, 37, 38, 39, 42, 43, 44, 45, 46, 47, 48, 49, 50, 51, 52, 53, 56, 57, 58, 59, 60, 61, 62, 63, 64, 65, 66, 67, 68, 69, 70, 71, 74, 75, 76, 77, 78, 79, 80, 81, 82, 83, 84, 85, 86, 89, 90, 91, 92, 93, 94, 95, 96, 97, 98, 99, 100, 101, 102, 105, 106, 110, 128, 240, 246, 288, 317, 356, 413, 432, 453, 467, 521, 526, 532, 538, 542, 567, 575, 578], "summary": {"covered_lines": 92, "num_statements": 249, "percent_covered": 36.94779116465863, "percent_covered_display": "37", "missing_lines": 157, "excluded_lines": 0}, "missing_lines": [111, 112, 113, 114, 115, 118, 119, 120, 121, 124, 126, 132, 155, 177, 199, 220, 242, 243, 244, 258, 260, 262, 263, 265, 268, 269, 272, 274, 278, 280, 281, 283, 284, 286, 292, 294, 295, 296, 299, 300, 301, 302, 305, 308, 309, 311, 315, 320, 322, 324, 325, 328, 329, 332, 333, 336, 337, 340, 341, 344, 345, 346, 349, 350, 352, 354, 363, 364, 366, 369, 370, 373, 374, 375, 376, 378, 379, 382, 383, 384, 385, 387, 388, 390, 393, 394, 395, 397, 400, 401, 404, 405, 406, 407, 408, 409, 411, 421, 424, 427, 428, 430, 439, 440, 441, 442, 443, 446, 447, 448, 449, 451, 456, 465, 478, 479, 481, 482, 484, 485, 488, 489, 490, 492, 495, 496, 499, 502, 503, 506, 507, 508, 511, 514, 516, 523, 524, 528, 529, 530, 534, 535, 536, 540, 545, 546, 548, 549, 550, 551, 559, 569, 570, 571, 581, 582, 583], "excluded_lines": [], "functions": {"LLMRouter.__init__": {"executed_lines": [], "summary": {"covered_lines": 0, "num_statements": 11, "percent_covered": 0.0, "percent_covered_display": "0", "missing_lines": 11, "excluded_lines": 0}, "missing_lines": [111, 112, 113, 114, 115, 118, 119, 120, 121, 124, 126], "excluded_lines": []}, "LLMRouter._initialize_models": {"executed_lines": [], "summary": {"covered_lines": 0, "num_statements": 5, "percent_covered": 0.0, "percent_covered_display": "0", "missing_lines": 5, "excluded_lines": 0}, "missing_lines": [132, 155, 177, 199, 220], "excluded_lines": []}, "LLMRouter.register_model": {"executed_lines": [], "summary": {"covered_lines": 0, "num_statements": 3, "percent_covered": 0.0, "percent_covered_display": "0", "missing_lines": 3, "excluded_lines": 0}, "missing_lines": [242, 243, 244], "excluded_lines": []}, "LLMRouter.route_request": {"executed_lines": [], "summary": {"covered_lines": 0, "num_statements": 15, "percent_covered": 0.0, "percent_covered_display": "0", "missing_lines": 15, "excluded_lines": 0}, "missing_lines": [258, 260, 262, 263, 265, 268, 269, 272, 274, 278, 280, 281, 283, 284, 286], "excluded_lines": []}, "LLMRouter._select_optimal_model": {"executed_lines": [], "summary": {"covered_lines": 0, "num_statements": 13, "percent_covered": 0.0, "percent_covered_display": "0", "missing_lines": 13, "excluded_lines": 0}, "missing_lines": [292, 294, 295, 296, 299, 300, 301, 302, 305, 308, 309, 311, 315], "excluded_lines": []}, "LLMRouter._get_candidate_models": {"executed_lines": [], "summary": {"covered_lines": 0, "num_statements": 19, "percent_covered": 0.0, "percent_covered_display": "0", "missing_lines": 19, "excluded_lines": 0}, "missing_lines": [320, 322, 324, 325, 328, 329, 332, 333, 336, 337, 340, 341, 344, 345, 346, 349, 350, 352, 354], "excluded_lines": []}, "LLMRouter._calculate_model_score": {"executed_lines": [], "summary": {"covered_lines": 0, "num_statements": 31, "percent_covered": 0.0, "percent_covered_display": "0", "missing_lines": 31, "excluded_lines": 0}, "missing_lines": [363, 364, 366, 369, 370, 373, 374, 375, 376, 378, 379, 382, 383, 384, 385, 387, 388, 390, 393, 394, 395, 397, 400, 401, 404, 405, 406, 407, 408, 409, 411], "excluded_lines": []}, "LLMRouter._estimate_request_cost": {"executed_lines": [], "summary": {"covered_lines": 0, "num_statements": 5, "percent_covered": 0.0, "percent_covered_display": "0", "missing_lines": 5, "excluded_lines": 0}, "missing_lines": [421, 424, 427, 428, 430], "excluded_lines": []}, "LLMRouter._get_fallback_model": {"executed_lines": [], "summary": {"covered_lines": 0, "num_statements": 10, "percent_covered": 0.0, "percent_covered_display": "0", "missing_lines": 10, "excluded_lines": 0}, "missing_lines": [439, 440, 441, 442, 443, 446, 447, 448, 449, 451], "excluded_lines": []}, "LLMRouter._track_routing_decision": {"executed_lines": [], "summary": {"covered_lines": 0, "num_statements": 2, "percent_covered": 0.0, "percent_covered_display": "0", "missing_lines": 2, "excluded_lines": 0}, "missing_lines": [456, 465], "excluded_lines": []}, "LLMRouter.track_request_completion": {"executed_lines": [], "summary": {"covered_lines": 0, "num_statements": 21, "percent_covered": 0.0, "percent_covered_display": "0", "missing_lines": 21, "excluded_lines": 0}, "missing_lines": [478, 479, 481, 482, 484, 485, 488, 489, 490, 492, 495, 496, 499, 502, 503, 506, 507, 508, 511, 514, 516], "excluded_lines": []}, "LLMRouter.set_fallback_chain": {"executed_lines": [], "summary": {"covered_lines": 0, "num_statements": 2, "percent_covered": 0.0, "percent_covered_display": "0", "missing_lines": 2, "excluded_lines": 0}, "missing_lines": [523, 524], "excluded_lines": []}, "LLMRouter.enable_model": {"executed_lines": [], "summary": {"covered_lines": 0, "num_statements": 3, "percent_covered": 0.0, "percent_covered_display": "0", "missing_lines": 3, "excluded_lines": 0}, "missing_lines": [528, 529, 530], "excluded_lines": []}, "LLMRouter.disable_model": {"executed_lines": [], "summary": {"covered_lines": 0, "num_statements": 3, "percent_covered": 0.0, "percent_covered_display": "0", "missing_lines": 3, "excluded_lines": 0}, "missing_lines": [534, 535, 536], "excluded_lines": []}, "LLMRouter.get_model_performance": {"executed_lines": [], "summary": {"covered_lines": 0, "num_statements": 1, "percent_covered": 0.0, "percent_covered_display": "0", "missing_lines": 1, "excluded_lines": 0}, "missing_lines": [540], "excluded_lines": []}, "LLMRouter.get_routing_statistics": {"executed_lines": [], "summary": {"covered_lines": 0, "num_statements": 7, "percent_covered": 0.0, "percent_covered_display": "0", "missing_lines": 7, "excluded_lines": 0}, "missing_lines": [545, 546, 548, 549, 550, 551, 559], "excluded_lines": []}, "LLMRouter.reset_performance_metrics": {"executed_lines": [], "summary": {"covered_lines": 0, "num_statements": 3, "percent_covered": 0.0, "percent_covered_display": "0", "missing_lines": 3, "excluded_lines": 0}, "missing_lines": [569, 570, 571], "excluded_lines": []}, "get_llm_router": {"executed_lines": [], "summary": {"covered_lines": 0, "num_statements": 3, "percent_covered": 0.0, "percent_covered_display": "0", "missing_lines": 3, "excluded_lines": 0}, "missing_lines": [581, 582, 583], "excluded_lines": []}, "": {"executed_lines": [1, 15, 16, 17, 18, 19, 20, 21, 22, 23, 24, 25, 27, 30, 31, 32, 33, 34, 35, 36, 37, 38, 39, 42, 43, 44, 45, 46, 47, 48, 49, 50, 51, 52, 53, 56, 57, 58, 59, 60, 61, 62, 63, 64, 65, 66, 67, 68, 69, 70, 71, 74, 75, 76, 77, 78, 79, 80, 81, 82, 83, 84, 85, 86, 89, 90, 91, 92, 93, 94, 95, 96, 97, 98, 99, 100, 101, 102, 105, 106, 110, 128, 240, 246, 288, 317, 356, 413, 432, 453, 467, 521, 526, 532, 538, 542, 567, 575, 578], "summary": {"covered_lines": 92, "num_statements": 92, "percent_covered": 100.0, "percent_covered_display": "100", "missing_lines": 0, "excluded_lines": 0}, "missing_lines": [], "excluded_lines": []}}, "classes": {"ModelProvider": {"executed_lines": [], "summary": {"covered_lines": 0, "num_statements": 0, "percent_covered": 100.0, "percent_covered_display": "100", "missing_lines": 0, "excluded_lines": 0}, "missing_lines": [], "excluded_lines": []}, "TaskType": {"executed_lines": [], "summary": {"covered_lines": 0, "num_statements": 0, "percent_covered": 100.0, "percent_covered_display": "100", "missing_lines": 0, "excluded_lines": 0}, "missing_lines": [], "excluded_lines": []}, "ModelConfig": {"executed_lines": [], "summary": {"covered_lines": 0, "num_statements": 0, "percent_covered": 100.0, "percent_covered_display": "100", "missing_lines": 0, "excluded_lines": 0}, "missing_lines": [], "excluded_lines": []}, "RoutingContext": {"executed_lines": [], "summary": {"covered_lines": 0, "num_statements": 0, "percent_covered": 100.0, "percent_covered_display": "100", "missing_lines": 0, "excluded_lines": 0}, "missing_lines": [], "excluded_lines": []}, "ModelPerformance": {"executed_lines": [], "summary": {"covered_lines": 0, "num_statements": 0, "percent_covered": 100.0, "percent_covered_display": "100", "missing_lines": 0, "excluded_lines": 0}, "missing_lines": [], "excluded_lines": []}, "LLMRouter": {"executed_lines": [], "summary": {"covered_lines": 0, "num_statements": 154, "percent_covered": 0.0, "percent_covered_display": "0", "missing_lines": 154, "excluded_lines": 0}, "missing_lines": [111, 112, 113, 114, 115, 118, 119, 120, 121, 124, 126, 132, 155, 177, 199, 220, 242, 243, 244, 258, 260, 262, 263, 265, 268, 269, 272, 274, 278, 280, 281, 283, 284, 286, 292, 294, 295, 296, 299, 300, 301, 302, 305, 308, 309, 311, 315, 320, 322, 324, 325, 328, 329, 332, 333, 336, 337, 340, 341, 344, 345, 346, 349, 350, 352, 354, 363, 364, 366, 369, 370, 373, 374, 375, 376, 378, 379, 382, 383, 384, 385, 387, 388, 390, 393, 394, 395, 397, 400, 401, 404, 405, 406, 407, 408, 409, 411, 421, 424, 427, 428, 430, 439, 440, 441, 442, 443, 446, 447, 448, 449, 451, 456, 465, 478, 479, 481, 482, 484, 485, 488, 489, 490, 492, 495, 496, 499, 502, 503, 506, 507, 508, 511, 514, 516, 523, 524, 528, 529, 530, 534, 535, 536, 540, 545, 546, 548, 549, 550, 551, 559, 569, 570, 571], "excluded_lines": []}, "": {"executed_lines": [1, 15, 16, 17, 18, 19, 20, 21, 22, 23, 24, 25, 27, 30, 31, 32, 33, 34, 35, 36, 37, 38, 39, 42, 43, 44, 45, 46, 47, 48, 49, 50, 51, 52, 53, 56, 57, 58, 59, 60, 61, 62, 63, 64, 65, 66, 67, 68, 69, 70, 71, 74, 75, 76, 77, 78, 79, 80, 81, 82, 83, 84, 85, 86, 89, 90, 91, 92, 93, 94, 95, 96, 97, 98, 99, 100, 101, 102, 105, 106, 110, 128, 240, 246, 288, 317, 356, 413, 432, 453, 467, 521, 526, 532, 538, 542, 567, 575, 578], "summary": {"covered_lines": 92, "num_statements": 95, "percent_covered": 96.84210526315789, "percent_covered_display": "97", "missing_lines": 3, "excluded_lines": 0}, "missing_lines": [581, 582, 583], "excluded_lines": []}}}, "backend\\llm_integration\\model_selector.py": {"executed_lines": [], "summary": {"covered_lines": 0, "num_statements": 300, "percent_covered": 0.0, "percent_covered_display": "0", "missing_lines": 300, "excluded_lines": 0}, "missing_lines": [15, 16, 17, 18, 19, 20, 21, 22, 23, 24, 25, 27, 29, 32, 34, 35, 36, 37, 38, 39, 42, 43, 45, 46, 47, 48, 49, 50, 51, 52, 55, 56, 58, 59, 60, 61, 62, 63, 64, 67, 68, 70, 71, 72, 73, 74, 75, 76, 77, 80, 81, 83, 84, 85, 86, 87, 88, 89, 90, 91, 92, 93, 94, 95, 96, 99, 104, 105, 106, 107, 108, 109, 112, 113, 114, 117, 118, 120, 122, 137, 139, 140, 141, 142, 145, 146, 147, 148, 149, 150, 151, 152, 153, 154, 156, 159, 161, 166, 168, 169, 172, 173, 180, 182, 191, 198, 200, 201, 204, 205, 207, 208, 209, 210, 211, 212, 214, 215, 216, 218, 219, 220, 222, 224, 234, 241, 243, 244, 247, 248, 250, 251, 252, 255, 256, 257, 259, 260, 262, 264, 274, 281, 283, 284, 287, 288, 290, 291, 292, 295, 297, 300, 301, 303, 306, 309, 311, 312, 313, 315, 316, 317, 319, 321, 331, 338, 340, 341, 344, 349, 351, 361, 368, 370, 371, 374, 375, 377, 378, 379, 380, 381, 382, 384, 385, 387, 389, 399, 402, 404, 406, 407, 410, 411, 412, 413, 416, 417, 420, 421, 423, 424, 427, 428, 430, 432, 434, 437, 438, 439, 441, 445, 446, 447, 450, 451, 452, 453, 456, 457, 459, 461, 463, 472, 474, 483, 485, 493, 495, 500, 502, 512, 513, 515, 523, 525, 528, 529, 531, 532, 534, 535, 539, 542, 543, 546, 547, 548, 549, 550, 553, 554, 555, 556, 557, 560, 561, 563, 564, 565, 567, 568, 570, 572, 589, 592, 593, 594, 597, 598, 599, 601, 602, 604, 607, 609, 610, 613, 614, 616, 618, 620, 628, 639, 641, 644, 645, 647, 650, 651, 652, 655, 656, 657, 659, 669, 672, 675, 676, 677], "excluded_lines": [], "functions": {"ModelSelector.__init__": {"executed_lines": [], "summary": {"covered_lines": 0, "num_statements": 11, "percent_covered": 0.0, "percent_covered_display": "0", "missing_lines": 11, "excluded_lines": 0}, "missing_lines": [105, 106, 107, 108, 109, 112, 113, 114, 117, 118, 120], "excluded_lines": []}, "ModelSelector.select_model": {"executed_lines": [], "summary": {"covered_lines": 0, "num_statements": 25, "percent_covered": 0.0, "percent_covered_display": "0", "missing_lines": 25, "excluded_lines": 0}, "missing_lines": [137, 139, 140, 141, 142, 145, 146, 147, 148, 149, 150, 151, 152, 153, 154, 156, 159, 161, 166, 168, 169, 172, 173, 180, 182], "excluded_lines": []}, "ModelSelector._select_best_performance": {"executed_lines": [], "summary": {"covered_lines": 0, "num_statements": 19, "percent_covered": 0.0, "percent_covered_display": "0", "missing_lines": 19, "excluded_lines": 0}, "missing_lines": [198, 200, 201, 204, 205, 207, 208, 209, 210, 211, 212, 214, 215, 216, 218, 219, 220, 222, 224], "excluded_lines": []}, "ModelSelector._select_lowest_cost": {"executed_lines": [], "summary": {"covered_lines": 0, "num_statements": 15, "percent_covered": 0.0, "percent_covered_display": "0", "missing_lines": 15, "excluded_lines": 0}, "missing_lines": [241, 243, 244, 247, 248, 250, 251, 252, 255, 256, 257, 259, 260, 262, 264], "excluded_lines": []}, "ModelSelector._select_balanced": {"executed_lines": [], "summary": {"covered_lines": 0, "num_statements": 23, "percent_covered": 0.0, "percent_covered_display": "0", "missing_lines": 23, "excluded_lines": 0}, "missing_lines": [281, 283, 284, 287, 288, 290, 291, 292, 295, 297, 300, 301, 303, 306, 309, 311, 312, 313, 315, 316, 317, 319, 321], "excluded_lines": []}, "ModelSelector._select_fastest": {"executed_lines": [], "summary": {"covered_lines": 0, "num_statements": 6, "percent_covered": 0.0, "percent_covered_display": "0", "missing_lines": 6, "excluded_lines": 0}, "missing_lines": [338, 340, 341, 344, 349, 351], "excluded_lines": []}, "ModelSelector._select_most_reliable": {"executed_lines": [], "summary": {"covered_lines": 0, "num_statements": 15, "percent_covered": 0.0, "percent_covered_display": "0", "missing_lines": 15, "excluded_lines": 0}, "missing_lines": [368, 370, 371, 374, 375, 377, 378, 379, 380, 381, 382, 384, 385, 387, 389], "excluded_lines": []}, "ModelSelector._get_candidate_models": {"executed_lines": [], "summary": {"covered_lines": 0, "num_statements": 18, "percent_covered": 0.0, "percent_covered_display": "0", "missing_lines": 18, "excluded_lines": 0}, "missing_lines": [402, 404, 406, 407, 410, 411, 412, 413, 416, 417, 420, 421, 423, 424, 427, 428, 430, 432], "excluded_lines": []}, "ModelSelector._estimate_cost": {"executed_lines": [], "summary": {"covered_lines": 0, "num_statements": 3, "percent_covered": 0.0, "percent_covered_display": "0", "missing_lines": 3, "excluded_lines": 0}, "missing_lines": [437, 438, 439], "excluded_lines": []}, "ModelSelector._check_ab_test": {"executed_lines": [], "summary": {"covered_lines": 0, "num_statements": 13, "percent_covered": 0.0, "percent_covered_display": "0", "missing_lines": 13, "excluded_lines": 0}, "missing_lines": [445, 446, 447, 450, 451, 452, 453, 456, 457, 459, 461, 463, 472], "excluded_lines": []}, "ModelSelector.start_ab_test": {"executed_lines": [], "summary": {"covered_lines": 0, "num_statements": 5, "percent_covered": 0.0, "percent_covered_display": "0", "missing_lines": 5, "excluded_lines": 0}, "missing_lines": [483, 485, 493, 495, 500], "excluded_lines": []}, "ModelSelector.track_ab_test_result": {"executed_lines": [], "summary": {"covered_lines": 0, "num_statements": 4, "percent_covered": 0.0, "percent_covered_display": "0", "missing_lines": 4, "excluded_lines": 0}, "missing_lines": [512, 513, 515, 523], "excluded_lines": []}, "ModelSelector.analyze_ab_test": {"executed_lines": [], "summary": {"covered_lines": 0, "num_statements": 28, "percent_covered": 0.0, "percent_covered_display": "0", "missing_lines": 28, "excluded_lines": 0}, "missing_lines": [528, 529, 531, 532, 534, 535, 539, 542, 543, 546, 547, 548, 549, 550, 553, 554, 555, 556, 557, 560, 561, 563, 564, 565, 567, 568, 570, 572], "excluded_lines": []}, "ModelSelector._health_monitoring_loop": {"executed_lines": [], "summary": {"covered_lines": 0, "num_statements": 8, "percent_covered": 0.0, "percent_covered_display": "0", "missing_lines": 8, "excluded_lines": 0}, "missing_lines": [592, 593, 594, 597, 598, 599, 601, 602], "excluded_lines": []}, "ModelSelector._check_model_health": {"executed_lines": [], "summary": {"covered_lines": 0, "num_statements": 7, "percent_covered": 0.0, "percent_covered_display": "0", "missing_lines": 7, "excluded_lines": 0}, "missing_lines": [607, 609, 610, 613, 614, 616, 618], "excluded_lines": []}, "ModelSelector._track_selection": {"executed_lines": [], "summary": {"covered_lines": 0, "num_statements": 2, "percent_covered": 0.0, "percent_covered_display": "0", "missing_lines": 2, "excluded_lines": 0}, "missing_lines": [628, 639], "excluded_lines": []}, "ModelSelector.get_selection_statistics": {"executed_lines": [], "summary": {"covered_lines": 0, "num_statements": 10, "percent_covered": 0.0, "percent_covered_display": "0", "missing_lines": 10, "excluded_lines": 0}, "missing_lines": [644, 645, 647, 650, 651, 652, 655, 656, 657, 659], "excluded_lines": []}, "get_model_selector": {"executed_lines": [], "summary": {"covered_lines": 0, "num_statements": 3, "percent_covered": 0.0, "percent_covered_display": "0", "missing_lines": 3, "excluded_lines": 0}, "missing_lines": [675, 676, 677], "excluded_lines": []}, "": {"executed_lines": [], "summary": {"covered_lines": 0, "num_statements": 85, "percent_covered": 0.0, "percent_covered_display": "0", "missing_lines": 85, "excluded_lines": 0}, "missing_lines": [15, 16, 17, 18, 19, 20, 21, 22, 23, 24, 25, 27, 29, 32, 34, 35, 36, 37, 38, 39, 42, 43, 45, 46, 47, 48, 49, 50, 51, 52, 55, 56, 58, 59, 60, 61, 62, 63, 64, 67, 68, 70, 71, 72, 73, 74, 75, 76, 77, 80, 81, 83, 84, 85, 86, 87, 88, 89, 90, 91, 92, 93, 94, 95, 96, 99, 104, 122, 191, 234, 274, 331, 361, 399, 434, 441, 474, 502, 525, 589, 604, 620, 641, 669, 672], "excluded_lines": []}}, "classes": {"SelectionStrategy": {"executed_lines": [], "summary": {"covered_lines": 0, "num_statements": 0, "percent_covered": 100.0, "percent_covered_display": "100", "missing_lines": 0, "excluded_lines": 0}, "missing_lines": [], "excluded_lines": []}, "SelectionCriteria": {"executed_lines": [], "summary": {"covered_lines": 0, "num_statements": 0, "percent_covered": 100.0, "percent_covered_display": "100", "missing_lines": 0, "excluded_lines": 0}, "missing_lines": [], "excluded_lines": []}, "ModelRecommendation": {"executed_lines": [], "summary": {"covered_lines": 0, "num_statements": 0, "percent_covered": 100.0, "percent_covered_display": "100", "missing_lines": 0, "excluded_lines": 0}, "missing_lines": [], "excluded_lines": []}, "ABTestConfig": {"executed_lines": [], "summary": {"covered_lines": 0, "num_statements": 0, "percent_covered": 100.0, "percent_covered_display": "100", "missing_lines": 0, "excluded_lines": 0}, "missing_lines": [], "excluded_lines": []}, "ABTestResult": {"executed_lines": [], "summary": {"covered_lines": 0, "num_statements": 0, "percent_covered": 100.0, "percent_covered_display": "100", "missing_lines": 0, "excluded_lines": 0}, "missing_lines": [], "excluded_lines": []}, "ModelSelector": {"executed_lines": [], "summary": {"covered_lines": 0, "num_statements": 212, "percent_covered": 0.0, "percent_covered_display": "0", "missing_lines": 212, "excluded_lines": 0}, "missing_lines": [105, 106, 107, 108, 109, 112, 113, 114, 117, 118, 120, 137, 139, 140, 141, 142, 145, 146, 147, 148, 149, 150, 151, 152, 153, 154, 156, 159, 161, 166, 168, 169, 172, 173, 180, 182, 198, 200, 201, 204, 205, 207, 208, 209, 210, 211, 212, 214, 215, 216, 218, 219, 220, 222, 224, 241, 243, 244, 247, 248, 250, 251, 252, 255, 256, 257, 259, 260, 262, 264, 281, 283, 284, 287, 288, 290, 291, 292, 295, 297, 300, 301, 303, 306, 309, 311, 312, 313, 315, 316, 317, 319, 321, 338, 340, 341, 344, 349, 351, 368, 370, 371, 374, 375, 377, 378, 379, 380, 381, 382, 384, 385, 387, 389, 402, 404, 406, 407, 410, 411, 412, 413, 416, 417, 420, 421, 423, 424, 427, 428, 430, 432, 437, 438, 439, 445, 446, 447, 450, 451, 452, 453, 456, 457, 459, 461, 463, 472, 483, 485, 493, 495, 500, 512, 513, 515, 523, 528, 529, 531, 532, 534, 535, 539, 542, 543, 546, 547, 548, 549, 550, 553, 554, 555, 556, 557, 560, 561, 563, 564, 565, 567, 568, 570, 572, 592, 593, 594, 597, 598, 599, 601, 602, 607, 609, 610, 613, 614, 616, 618, 628, 639, 644, 645, 647, 650, 651, 652, 655, 656, 657, 659], "excluded_lines": []}, "": {"executed_lines": [], "summary": {"covered_lines": 0, "num_statements": 88, "percent_covered": 0.0, "percent_covered_display": "0", "missing_lines": 88, "excluded_lines": 0}, "missing_lines": [15, 16, 17, 18, 19, 20, 21, 22, 23, 24, 25, 27, 29, 32, 34, 35, 36, 37, 38, 39, 42, 43, 45, 46, 47, 48, 49, 50, 51, 52, 55, 56, 58, 59, 60, 61, 62, 63, 64, 67, 68, 70, 71, 72, 73, 74, 75, 76, 77, 80, 81, 83, 84, 85, 86, 87, 88, 89, 90, 91, 92, 93, 94, 95, 96, 99, 104, 122, 191, 234, 274, 331, 361, 399, 434, 441, 474, 502, 525, 589, 604, 620, 641, 669, 672, 675, 676, 677], "excluded_lines": []}}}, "backend\\llm_integration\\multi_llm_orchestrator.py": {"executed_lines": [1, 15, 16, 17, 18, 19, 20, 21, 22, 23, 24, 25, 27, 29, 32, 33, 34, 35, 36, 37, 38, 39, 42, 43, 44, 45, 46, 47, 48, 51, 52, 53, 54, 55, 56, 57, 58, 59, 60, 61, 62, 63, 64, 65, 66, 67, 70, 71, 72, 73, 74, 75, 76, 77, 78, 79, 80, 81, 82, 85, 86, 87, 88, 89, 90, 91, 92, 93, 94, 95, 96, 99, 100, 104, 112, 220, 272, 312, 334, 367, 399, 428, 449, 491, 555, 570, 582, 619, 659, 705, 727, 733, 760, 763], "summary": {"covered_lines": 87, "num_statements": 318, "percent_covered": 27.358490566037737, "percent_covered_display": "27", "missing_lines": 231, "excluded_lines": 1}, "missing_lines": [105, 106, 107, 108, 110, 129, 130, 132, 133, 138, 141, 150, 153, 154, 155, 156, 157, 158, 159, 160, 161, 162, 163, 164, 166, 169, 171, 174, 177, 182, 192, 194, 198, 200, 201, 203, 205, 217, 218, 246, 253, 259, 266, 268, 270, 275, 277, 278, 279, 280, 282, 283, 284, 285, 286, 287, 288, 290, 296, 298, 299, 300, 303, 318, 320, 322, 323, 326, 329, 330, 332, 341, 343, 345, 347, 348, 349, 350, 352, 353, 355, 356, 357, 360, 361, 363, 365, 374, 376, 377, 380, 382, 385, 387, 388, 393, 394, 395, 397, 405, 407, 409, 412, 413, 414, 415, 416, 417, 422, 423, 424, 426, 434, 435, 437, 439, 440, 443, 444, 445, 447, 456, 457, 460, 461, 462, 463, 464, 465, 466, 467, 469, 471, 476, 478, 479, 480, 481, 482, 483, 484, 485, 486, 487, 489, 498, 499, 500, 502, 504, 511, 516, 519, 525, 526, 527, 529, 534, 536, 537, 541, 544, 545, 546, 550, 552, 553, 566, 568, 577, 578, 580, 588, 589, 592, 593, 594, 596, 597, 600, 601, 602, 603, 604, 605, 607, 608, 611, 612, 613, 614, 615, 617, 625, 626, 628, 629, 632, 640, 646, 651, 657, 666, 667, 670, 675, 685, 692, 697, 703, 708, 710, 711, 713, 714, 716, 717, 720, 721, 723, 725, 729, 730, 731, 736, 737, 739, 741, 766, 767, 768], "excluded_lines": [228], "functions": {"MultiLLMOrchestrator.__init__": {"executed_lines": [], "summary": {"covered_lines": 0, "num_statements": 5, "percent_covered": 0.0, "percent_covered_display": "0", "missing_lines": 5, "excluded_lines": 0}, "missing_lines": [105, 106, 107, 108, 110], "excluded_lines": []}, "MultiLLMOrchestrator.orchestrate": {"executed_lines": [], "summary": {"covered_lines": 0, "num_statements": 34, "percent_covered": 0.0, "percent_covered_display": "0", "missing_lines": 34, "excluded_lines": 0}, "missing_lines": [129, 130, 132, 133, 138, 141, 150, 153, 154, 155, 156, 157, 158, 159, 160, 161, 162, 163, 164, 166, 169, 171, 174, 177, 182, 192, 194, 198, 200, 201, 203, 205, 217, 218], "excluded_lines": []}, "MultiLLMOrchestrator._decompose_task": {"executed_lines": [], "summary": {"covered_lines": 0, "num_statements": 6, "percent_covered": 0.0, "percent_covered_display": "0", "missing_lines": 6, "excluded_lines": 1}, "missing_lines": [246, 253, 259, 266, 268, 270], "excluded_lines": [228]}, "MultiLLMOrchestrator._parse_subtasks": {"executed_lines": [], "summary": {"covered_lines": 0, "num_statements": 18, "percent_covered": 0.0, "percent_covered_display": "0", "missing_lines": 18, "excluded_lines": 0}, "missing_lines": [275, 277, 278, 279, 280, 282, 283, 284, 285, 286, 287, 288, 290, 296, 298, 299, 300, 303], "excluded_lines": []}, "MultiLLMOrchestrator._execute_sequential": {"executed_lines": [], "summary": {"covered_lines": 0, "num_statements": 8, "percent_covered": 0.0, "percent_covered_display": "0", "missing_lines": 8, "excluded_lines": 0}, "missing_lines": [318, 320, 322, 323, 326, 329, 330, 332], "excluded_lines": []}, "MultiLLMOrchestrator._execute_parallel": {"executed_lines": [], "summary": {"covered_lines": 0, "num_statements": 16, "percent_covered": 0.0, "percent_covered_display": "0", "missing_lines": 16, "excluded_lines": 0}, "missing_lines": [341, 343, 345, 347, 348, 349, 350, 352, 353, 355, 356, 357, 360, 361, 363, 365], "excluded_lines": []}, "MultiLLMOrchestrator._execute_hierarchical": {"executed_lines": [], "summary": {"covered_lines": 0, "num_statements": 12, "percent_covered": 0.0, "percent_covered_display": "0", "missing_lines": 12, "excluded_lines": 0}, "missing_lines": [374, 376, 377, 380, 382, 385, 387, 388, 393, 394, 395, 397], "excluded_lines": []}, "MultiLLMOrchestrator._execute_ensemble": {"executed_lines": [], "summary": {"covered_lines": 0, "num_statements": 13, "percent_covered": 0.0, "percent_covered_display": "0", "missing_lines": 13, "excluded_lines": 0}, "missing_lines": [405, 407, 409, 412, 413, 414, 415, 416, 417, 422, 423, 424, 426], "excluded_lines": []}, "MultiLLMOrchestrator._execute_pipeline": {"executed_lines": [], "summary": {"covered_lines": 0, "num_statements": 9, "percent_covered": 0.0, "percent_covered_display": "0", "missing_lines": 9, "excluded_lines": 0}, "missing_lines": [434, 435, 437, 439, 440, 443, 444, 445, 447], "excluded_lines": []}, "MultiLLMOrchestrator._execute_adaptive": {"executed_lines": [], "summary": {"covered_lines": 0, "num_statements": 24, "percent_covered": 0.0, "percent_covered_display": "0", "missing_lines": 24, "excluded_lines": 0}, "missing_lines": [456, 457, 460, 461, 462, 463, 464, 465, 466, 467, 469, 471, 476, 478, 479, 480, 481, 482, 483, 484, 485, 486, 487, 489], "excluded_lines": []}, "MultiLLMOrchestrator._execute_subtask": {"executed_lines": [], "summary": {"covered_lines": 0, "num_statements": 22, "percent_covered": 0.0, "percent_covered_display": "0", "missing_lines": 22, "excluded_lines": 0}, "missing_lines": [498, 499, 500, 502, 504, 511, 516, 519, 525, 526, 527, 529, 534, 536, 537, 541, 544, 545, 546, 550, 552, 553], "excluded_lines": []}, "MultiLLMOrchestrator._execute_llm_request": {"executed_lines": [], "summary": {"covered_lines": 0, "num_statements": 2, "percent_covered": 0.0, "percent_covered_display": "0", "missing_lines": 2, "excluded_lines": 0}, "missing_lines": [566, 568], "excluded_lines": []}, "MultiLLMOrchestrator._check_dependencies_met": {"executed_lines": [], "summary": {"covered_lines": 0, "num_statements": 3, "percent_covered": 0.0, "percent_covered_display": "0", "missing_lines": 3, "excluded_lines": 0}, "missing_lines": [577, 578, 580], "excluded_lines": []}, "MultiLLMOrchestrator._compute_dependency_levels": {"executed_lines": [], "summary": {"covered_lines": 0, "num_statements": 9, "percent_covered": 0.0, "percent_covered_display": "0", "missing_lines": 9, "excluded_lines": 0}, "missing_lines": [588, 589, 592, 611, 612, 613, 614, 615, 617], "excluded_lines": []}, "MultiLLMOrchestrator._compute_dependency_levels.compute_level": {"executed_lines": [], "summary": {"covered_lines": 0, "num_statements": 12, "percent_covered": 0.0, "percent_covered_display": "0", "missing_lines": 12, "excluded_lines": 0}, "missing_lines": [593, 594, 596, 597, 600, 601, 602, 603, 604, 605, 607, 608], "excluded_lines": []}, "MultiLLMOrchestrator._combine_ensemble_results": {"executed_lines": [], "summary": {"covered_lines": 0, "num_statements": 9, "percent_covered": 0.0, "percent_covered_display": "0", "missing_lines": 9, "excluded_lines": 0}, "missing_lines": [625, 626, 628, 629, 632, 640, 646, 651, 657], "excluded_lines": []}, "MultiLLMOrchestrator._synthesize_results": {"executed_lines": [], "summary": {"covered_lines": 0, "num_statements": 8, "percent_covered": 0.0, "percent_covered_display": "0", "missing_lines": 8, "excluded_lines": 0}, "missing_lines": [666, 667, 670, 675, 685, 692, 697, 703], "excluded_lines": []}, "MultiLLMOrchestrator._calculate_workflow_cost": {"executed_lines": [], "summary": {"covered_lines": 0, "num_statements": 11, "percent_covered": 0.0, "percent_covered_display": "0", "missing_lines": 11, "excluded_lines": 0}, "missing_lines": [708, 710, 711, 713, 714, 716, 717, 720, 721, 723, 725], "excluded_lines": []}, "MultiLLMOrchestrator._generate_workflow_id": {"executed_lines": [], "summary": {"covered_lines": 0, "num_statements": 3, "percent_covered": 0.0, "percent_covered_display": "0", "missing_lines": 3, "excluded_lines": 0}, "missing_lines": [729, 730, 731], "excluded_lines": []}, "MultiLLMOrchestrator.get_workflow_status": {"executed_lines": [], "summary": {"covered_lines": 0, "num_statements": 4, "percent_covered": 0.0, "percent_covered_display": "0", "missing_lines": 4, "excluded_lines": 0}, "missing_lines": [736, 737, 739, 741], "excluded_lines": []}, "get_multi_llm_orchestrator": {"executed_lines": [], "summary": {"covered_lines": 0, "num_statements": 3, "percent_covered": 0.0, "percent_covered_display": "0", "missing_lines": 3, "excluded_lines": 0}, "missing_lines": [766, 767, 768], "excluded_lines": []}, "": {"executed_lines": [1, 15, 16, 17, 18, 19, 20, 21, 22, 23, 24, 25, 27, 29, 32, 33, 34, 35, 36, 37, 38, 39, 42, 43, 44, 45, 46, 47, 48, 51, 52, 53, 54, 55, 56, 57, 58, 59, 60, 61, 62, 63, 64, 65, 66, 67, 70, 71, 72, 73, 74, 75, 76, 77, 78, 79, 80, 81, 82, 85, 86, 87, 88, 89, 90, 91, 92, 93, 94, 95, 96, 99, 100, 104, 112, 220, 272, 312, 334, 367, 399, 428, 449, 491, 555, 570, 582, 619, 659, 705, 727, 733, 760, 763], "summary": {"covered_lines": 87, "num_statements": 87, "percent_covered": 100.0, "percent_covered_display": "100", "missing_lines": 0, "excluded_lines": 0}, "missing_lines": [], "excluded_lines": []}}, "classes": {"OrchestrationStrategy": {"executed_lines": [], "summary": {"covered_lines": 0, "num_statements": 0, "percent_covered": 100.0, "percent_covered_display": "100", "missing_lines": 0, "excluded_lines": 0}, "missing_lines": [], "excluded_lines": []}, "SubtaskStatus": {"executed_lines": [], "summary": {"covered_lines": 0, "num_statements": 0, "percent_covered": 100.0, "percent_covered_display": "100", "missing_lines": 0, "excluded_lines": 0}, "missing_lines": [], "excluded_lines": []}, "Subtask": {"executed_lines": [], "summary": {"covered_lines": 0, "num_statements": 0, "percent_covered": 100.0, "percent_covered_display": "100", "missing_lines": 0, "excluded_lines": 0}, "missing_lines": [], "excluded_lines": []}, "OrchestrationContext": {"executed_lines": [], "summary": {"covered_lines": 0, "num_statements": 0, "percent_covered": 100.0, "percent_covered_display": "100", "missing_lines": 0, "excluded_lines": 0}, "missing_lines": [], "excluded_lines": []}, "OrchestrationResult": {"executed_lines": [], "summary": {"covered_lines": 0, "num_statements": 0, "percent_covered": 100.0, "percent_covered_display": "100", "missing_lines": 0, "excluded_lines": 0}, "missing_lines": [], "excluded_lines": []}, "MultiLLMOrchestrator": {"executed_lines": [], "summary": {"covered_lines": 0, "num_statements": 228, "percent_covered": 0.0, "percent_covered_display": "0", "missing_lines": 228, "excluded_lines": 1}, "missing_lines": [105, 106, 107, 108, 110, 129, 130, 132, 133, 138, 141, 150, 153, 154, 155, 156, 157, 158, 159, 160, 161, 162, 163, 164, 166, 169, 171, 174, 177, 182, 192, 194, 198, 200, 201, 203, 205, 217, 218, 246, 253, 259, 266, 268, 270, 275, 277, 278, 279, 280, 282, 283, 284, 285, 286, 287, 288, 290, 296, 298, 299, 300, 303, 318, 320, 322, 323, 326, 329, 330, 332, 341, 343, 345, 347, 348, 349, 350, 352, 353, 355, 356, 357, 360, 361, 363, 365, 374, 376, 377, 380, 382, 385, 387, 388, 393, 394, 395, 397, 405, 407, 409, 412, 413, 414, 415, 416, 417, 422, 423, 424, 426, 434, 435, 437, 439, 440, 443, 444, 445, 447, 456, 457, 460, 461, 462, 463, 464, 465, 466, 467, 469, 471, 476, 478, 479, 480, 481, 482, 483, 484, 485, 486, 487, 489, 498, 499, 500, 502, 504, 511, 516, 519, 525, 526, 527, 529, 534, 536, 537, 541, 544, 545, 546, 550, 552, 553, 566, 568, 577, 578, 580, 588, 589, 592, 593, 594, 596, 597, 600, 601, 602, 603, 604, 605, 607, 608, 611, 612, 613, 614, 615, 617, 625, 626, 628, 629, 632, 640, 646, 651, 657, 666, 667, 670, 675, 685, 692, 697, 703, 708, 710, 711, 713, 714, 716, 717, 720, 721, 723, 725, 729, 730, 731, 736, 737, 739, 741], "excluded_lines": [228]}, "": {"executed_lines": [1, 15, 16, 17, 18, 19, 20, 21, 22, 23, 24, 25, 27, 29, 32, 33, 34, 35, 36, 37, 38, 39, 42, 43, 44, 45, 46, 47, 48, 51, 52, 53, 54, 55, 56, 57, 58, 59, 60, 61, 62, 63, 64, 65, 66, 67, 70, 71, 72, 73, 74, 75, 76, 77, 78, 79, 80, 81, 82, 85, 86, 87, 88, 89, 90, 91, 92, 93, 94, 95, 96, 99, 100, 104, 112, 220, 272, 312, 334, 367, 399, 428, 449, 491, 555, 570, 582, 619, 659, 705, 727, 733, 760, 763], "summary": {"covered_lines": 87, "num_statements": 90, "percent_covered": 96.66666666666667, "percent_covered_display": "97", "missing_lines": 3, "excluded_lines": 0}, "missing_lines": [766, 767, 768], "excluded_lines": []}}}, "backend\\llm_integration\\prompt_engineering.py": {"executed_lines": [1, 19, 20, 21, 22, 23, 24, 26, 29, 30, 31, 32, 33, 34, 35, 38, 39, 40, 41, 42, 43, 44, 45, 46, 49, 50, 51, 52, 53, 54, 55, 56, 57, 60, 61, 67, 69, 74, 75, 77, 79, 127, 144, 145, 148, 151, 152, 155, 156, 159, 160, 162, 169, 174, 179, 182, 183, 186, 188, 193, 202, 205, 207, 209, 210, 211, 213, 216, 223, 224, 225, 233, 235, 238, 242, 244, 268, 286, 291, 302, 309, 310, 312, 318, 321, 324, 331, 333, 335, 337, 340, 341, 342, 343, 346, 347, 351, 374, 382, 393, 395, 396, 397], "summary": {"covered_lines": 98, "num_statements": 146, "percent_covered": 67.12328767123287, "percent_covered_display": "67", "missing_lines": 48, "excluded_lines": 0}, "missing_lines": [153, 157, 163, 164, 165, 166, 170, 171, 175, 176, 226, 239, 240, 247, 256, 257, 258, 259, 260, 262, 264, 266, 274, 275, 277, 278, 279, 280, 281, 283, 284, 288, 289, 293, 300, 325, 326, 327, 328, 366, 367, 368, 369, 371, 372, 376, 384, 389], "excluded_lines": [], "functions": {"PromptEngineer.__init__": {"executed_lines": [69, 74, 75], "summary": {"covered_lines": 3, "num_statements": 3, "percent_covered": 100.0, "percent_covered_display": "100", "missing_lines": 0, "excluded_lines": 0}, "missing_lines": [], "excluded_lines": []}, "PromptEngineer._initialize_examples": {"executed_lines": [79], "summary": {"covered_lines": 1, "num_statements": 1, "percent_covered": 100.0, "percent_covered_display": "100", "missing_lines": 0, "excluded_lines": 0}, "missing_lines": [], "excluded_lines": []}, "PromptEngineer.optimize_prompt": {"executed_lines": [144, 145, 148, 151, 152, 155, 156, 159, 160, 162, 169, 174,
[...]
cluded_lines": []}, "PromptEngineer._clean_prompt": {"executed_lines": [205, 207, 209, 210, 211], "summary": {"covered_lines": 5, "num_statements": 5, "percent_covered": 100.0, "percent_covered_display": "100", "missing_lines": 0, "excluded_lines": 0}, "missing_lines": [], "excluded_lines": []}, "PromptEngineer._add_clarity": {"executed_lines": [216, 223, 224, 225, 233], "summary": {"covered_lines": 5, "num_statements": 6, "percent_covered": 83.33333333333333, "percent_covered_display": "83", "missing_lines": 1, "excluded_lines": 0}, "missing_lines": [226], "excluded_lines": []}, "PromptEngineer._add_structure": {"executed_lines": [238, 242], "summary": {"covered_lines": 2, "num_statements": 4, "percent_covered": 50.0, "percent_covered_display": "50", "missing_lines": 2, "excluded_lines": 0}, "missing_lines": [239, 240], "excluded_lines": []}, "PromptEngineer._select_examples": {"executed_lines": [], "summary": {"covered_lines": 0, "num_statements": 9, "percent_covered": 0.0, "percent_covered_display": "0", "missing_lines": 9, "excluded_lines": 0}, "missing_lines": [247, 256, 257, 258, 259, 260, 262, 264, 266], "excluded_lines": []}, "PromptEngineer._inject_examples": {"executed_lines": [], "summary": {"covered_lines": 0, "num_statements": 9, "percent_covered": 0.0, "percent_covered_display": "0", "missing_lines": 9, "excluded_lines": 0}, "missing_lines": [274, 275, 277, 278, 279, 280, 281, 283, 284], "excluded_lines": []}, "PromptEngineer._add_output_format": {"executed_lines": [], "summary": {"covered_lines": 0, "num_statements": 2, "percent_covered": 0.0, "percent_covered_display": "0", "missing_lines": 2, "excluded_lines": 0}, "missing_lines": [288, 289], "excluded_lines": []}, "PromptEngineer._apply_chain_of_thought": {"executed_lines": [], "summary": {"covered_lines": 0, "num_statements": 2, "percent_covered": 0.0, "percent_covered_display": "0", "missing_lines": 2, "excluded_lines": 0}, "missing_lines": [293, 300], "excluded_lines": []}, "PromptEngineer._estimate_tokens": {"executed_lines": [309, 310], "summary": {"covered_lines": 2, "num_statements": 2, "percent_covered": 100.0, "percent_covered_display": "100", "missing_lines": 0, "excluded_lines": 0}, "missing_lines": [], "excluded_lines": []}, "PromptEngineer._calculate_confidence": {"executed_lines": [318, 321, 324, 331], "summary": {"covered_lines": 4, "num_statements": 8, "percent_covered": 50.0, "percent_covered_display": "50", "missing_lines": 4, "excluded_lines": 0}, "missing_lines": [325, 326, 327, 328], "excluded_lines": []}, "PromptEngineer._update_stats": {"executed_lines": [335, 337, 340, 341, 342, 343, 346, 347], "summary": {"covered_lines": 8, "num_statements": 8, "percent_covered": 100.0, "percent_covered_display": "100", "missing_lines": 0, "excluded_lines": 0}, "missing_lines": [], "excluded_lines": []}, "PromptEngineer.batch_optimize": {"executed_lines": [], "summary": {"covered_lines": 0, "num_statements": 6, "percent_covered": 0.0, "percent_covered_display": "0", "missing_lines": 6, "excluded_lines": 0}, "missing_lines": [366, 367, 368, 369, 371, 372], "excluded_lines": []}, "PromptEngineer.get_optimization_stats": {"executed_lines": [], "summary": {"covered_lines": 0, "num_statements": 1, "percent_covered": 0.0, "percent_covered_display": "0", "missing_lines": 1, "excluded_lines": 0}, "missing_lines": [376], "excluded_lines": []}, "PromptEngineer.reset_stats": {"executed_lines": [], "summary": {"covered_lines": 0, "num_statements": 2, "percent_covered": 0.0, "percent_covered_display": "0", "missing_lines": 2, "excluded_lines": 0}, "missing_lines": [384, 389], "excluded_lines": []}, "get_prompt_engineer": {"executed_lines": [395, 396, 397], "summary": {"covered_lines": 3, "num_statements": 3, "percent_covered": 100.0, "percent_covered_display": "100", "missing_lines": 0, "excluded_lines": 0}, "missing_lines": [], "excluded_lines": []}, "": {"executed_lines": [1, 19, 20, 21, 22, 23, 24, 26, 29, 30, 31, 32, 33, 34, 35, 38, 39, 40, 41, 42, 43, 44, 45, 46, 49, 50, 51, 52, 53, 54, 55, 56, 57, 60, 61, 67, 77, 127, 202, 213, 235, 244, 268, 286, 291, 302, 312, 333, 351, 374, 382, 393], "summary": {"covered_lines": 47, "num_statements": 47, "percent_covered": 100.0, "percent_covered_display": "100", "missing_lines": 0, "excluded_lines": 0}, "missing_lines": [], "excluded_lines": []}}, "classes": {"PromptTemplate": {"executed_lines": [], "summary": {"covered_lines": 0, "num_statements": 0, "percent_covered": 100.0, "percent_covered_display": "100", "missing_lines": 0, "excluded_lines": 0}, "missing_lines": [], "excluded_lines": []}, "PromptContext": {"executed_lines": [], "summary": {"covered_lines": 0, "num_statements": 0, "percent_covered": 100.0, "percent_covered_display": "100", "missing_lines": 0, "excluded_lines": 0}, "missing_lines": [], "excluded_lines": []}, "OptimizedPrompt": {"executed_lines": [], "summary": {"covered_lines": 0, "num_statements": 0, "percent_covered": 100.0, "percent_covered_display": "100", "missing_lines": 0, "excluded_lines": 0}, "missing_lines": [], "excluded_lines": []}, "PromptEngineer": {"executed_lines": [69, 74, 75, 79, 144, 145, 148, 151, 152, 155, 156, 159, 160, 162, 169, 174, 179, 182, 183, 186, 188, 193, 205, 207, 209, 210, 211, 216, 223, 224, 225, 233, 238, 242, 309, 310, 318, 321, 324, 331, 335, 337, 340, 341, 342, 343, 346, 347], "summary": {"covered_lines": 48, "num_statements": 96, "percent_covered": 50.0, "percent_covered_display": "50", "missing_lines": 48, "excluded_lines": 0}, "missing_lines": [153, 157, 163, 164, 165, 166, 170, 171, 175, 176, 226, 239, 240, 247, 256, 257, 258, 259, 260, 262, 264, 266, 274, 275, 277, 278, 279, 280, 281, 283, 284, 288, 289, 293, 300, 325, 326, 327, 328, 366, 367, 368, 369, 371, 372, 376, 384, 389], "excluded_lines": []}, "": {"executed_lines": [1, 19, 20, 21, 22, 23, 24, 26, 29, 30, 31, 32, 33, 34, 35, 38, 39, 40, 41, 42, 43, 44, 45, 46, 49, 50, 51, 52, 53, 54, 55, 56, 57, 60, 61, 67, 77, 127, 202, 213, 235, 244, 268, 286, 291, 302, 312, 333, 351, 374, 382, 393, 395, 396, 397], "summary": {"covered_lines": 50, "num_statements": 50, "percent_covered": 100.0, "percent_covered_display": "100", "missing_lines": 0, "excluded_lines": 0}, "missing_lines": [], "excluded_lines": []}}}, "backend\\llm_integration\\semantic_chunking.py": {"executed_lines": [1, 18, 19, 20, 21, 22, 24, 27, 28, 29, 30, 31, 32, 33, 34, 35, 36, 39, 40, 46, 60, 61, 62, 63, 68, 73, 88, 92, 94, 96, 99, 102, 103, 104, 105, 106, 108, 109, 111, 120, 123, 125, 130, 132, 148, 151, 153, 154, 155, 157, 159, 161, 162, 163, 166, 167, 168, 169, 170, 171, 173, 174, 176, 179, 180, 181, 182, 184, 186, 214, 221, 223, 228, 230, 257, 260, 261, 263, 265, 268, 272, 276, 277, 278, 279, 281, 283, 285, 287, 289, 290, 292, 293, 294, 296, 300, 309], "summary": {"covered_lines": 94, "num_statements": 145, "percent_covered": 64.82758620689656, "percent_covered_display": "65", "missing_lines": 51, "excluded_lines": 0}, "missing_lines": [89, 93, 95, 97, 134, 135, 137, 139, 140, 141, 144, 146, 189, 191, 192, 193, 195, 196, 198, 199, 200, 201, 202, 204, 207, 208, 209, 210, 212, 225, 236, 237, 238, 240, 241, 243, 244, 245, 246, 248, 250, 251, 252, 253, 255, 269, 273, 298, 302, 327, 328], "excluded_lines": [], "functions": {"SemanticChunker.__init__": {"executed_lines": [60, 61, 62, 63, 68], "summary": {"covered_lines": 5, "num_statements": 5, "percent_covered": 100.0, "percent_covered_display": "100", "missing_lines": 0, "excluded_lines": 0}, "missing_lines": [], "excluded_lines": []}, "SemanticChunker.chunk_document": {"executed_lines": [88, 92, 94, 96, 99, 102, 103, 104, 105, 106, 108, 109, 111, 120, 123, 125, 130], "summary": {"covered_lines": 17, "num_statements": 21, "percent_covered": 80.95238095238095, "percent_covered_display": "81", "missing_lines": 4, "excluded_lines": 0}, "missing_lines": [89, 93, 95, 97], "excluded_lines": []}, "SemanticChunker._chunk_by_character": {"executed_lines": [], "summary": {"covered_lines": 0, "num_statements": 8, "percent_covered": 0.0, "percent_covered_display": "0", "missing_lines": 8, "excluded_lines": 0}, "missing_lines": [134, 135, 137, 139, 140, 141, 144, 146], "excluded_lines": []}, "SemanticChunker._chunk_by_sentence": {"executed_lines": [151, 153, 154, 155, 157, 159, 161, 162, 163, 166, 167, 168, 169, 170, 171, 173, 174, 176, 179, 180, 181, 182, 184], "summary": {"covered_lines": 23, "num_statements": 23, "percent_covered": 100.0, "percent_covered_display": "100", "missing_lines": 0, "excluded_lines": 0}, "missing_lines": [], "excluded_lines": []}, "SemanticChunker._chunk_by_paragraph": {"executed_lines": [], "summary": {"covered_lines": 0, "num_statements": 17, "percent_covered": 0.0, "percent_covered_display": "0", "missing_lines": 17, "excluded_lines": 0}, "missing_lines": [189, 191, 192, 193, 195, 196, 198, 199, 200, 201, 202, 204, 207, 208, 209, 210, 212], "excluded_lines": []}, "SemanticChunker._chunk_by_semantic": {"executed_lines": [221, 223, 228], "summary": {"covered_lines": 3, "num_statements": 4, "percent_covered": 75.0, "percent_covered_display": "75", "missing_lines": 1, "excluded_lines": 0}, "missing_lines": [225], "excluded_lines": []}, "SemanticChunker._chunk_paragraphs_into_groups": {"executed_lines": [], "summary": {"covered_lines": 0, "num_statements": 15, "percent_covered": 0.0, "percent_covered_display": "0", "missing_lines": 15, "excluded_lines": 0}, "missing_lines": [236, 237, 238, 240, 241, 243, 244, 245, 246, 248, 250, 251, 252, 253, 255], "excluded_lines": []}, "SemanticChunker._split_sentences": {"executed_lines": [260, 261], "summary": {"covered_lines": 2, "num_statements": 2, "percent_covered": 100.0, "percent_covered_display": "100", "missing_lines": 0, "excluded_lines": 0}, "missing_lines": [], "excluded_lines": []}, "SemanticChunker._calculate_semantic_score": {"executed_lines": [265, 268, 272, 276, 277, 278, 279, 281], "summary": {"covered_lines": 8, "num_statements": 10, "percent_covered": 80.0, "percent_covered_display": "80", "missing_lines": 2, "excluded_lines": 0}, "missing_lines": [269, 273], "excluded_lines": []}, "SemanticChunker._estimate_tokens": {"executed_lines": [285], "summary": {"covered_lines": 1, "num_statements": 1, "percent_covered": 100.0, "percent_covered_display": "100", "missing_lines": 0, "excluded_lines": 0}, "missing_lines": [], "excluded_lines": []}, "SemanticChunker._update_stats": {"executed_lines": [289, 290, 292, 293, 294], "summary": {"covered_lines": 5, "num_statements": 5, "percent_covered": 100.0, "percent_covered_display": "100", "missing_lines": 0, "excluded_lines": 0}, "missing_lines": [], "excluded_lines": []}, "SemanticChunker.get_stats": {"executed_lines": [], "summary": {"covered_lines": 0, "num_statements": 1, "percent_covered": 0.0, "percent_covered_display": "0", "missing_lines": 1, "excluded_lines": 0}, "missing_lines": [298], "excluded_lines": []}, "SemanticChunker.reset_stats": {"executed_lines": [], "summary": {"covered_lines": 0, "num_statements": 1, "percent_covered": 0.0, "percent_covered_display": "0", "missing_lines": 1, "excluded_lines": 0}, "missing_lines": [302], "excluded_lines": []}, "chunk_text": {"executed_lines": [], "summary": {"covered_lines": 0, "num_statements": 2, "percent_covered": 0.0, "percent_covered_display": "0", "missing_lines": 2, "excluded_lines": 0}, "missing_lines": [327, 328], "excluded_lines": []}, "": {"executed_lines": [1, 18, 19, 20, 21, 22, 24, 27, 28, 29, 30, 31, 32, 33, 34, 35, 36, 39, 40, 46, 73, 132, 148, 186, 214, 230, 257, 263, 283, 287, 296, 300, 309], "summary": {"covered_lines": 30, "num_statements": 30, "percent_covered": 100.0, "percent_covered_display": "100", "missing_lines": 0, "excluded_lines": 0}, "missing_lines": [], "excluded_lines": []}}, "classes": {"SemanticChunk": {"executed_lines": [], "summary": {"covered_lines": 0, "num_statements": 0, "percent_covered": 100.0, "percent_covered_display": "100", "missing_lines": 0, "excluded_lines": 0}, "missing_lines": [], "excluded_lines": []}, "SemanticChunker": {"executed_lines": [60, 61, 62, 63, 68, 88, 92, 94, 96, 99, 102, 103, 104, 105, 106, 108, 109, 111, 120, 123, 125, 130, 151, 153, 154, 155, 157, 159, 161, 162, 163, 166, 167, 168, 169, 170, 171, 173, 174, 176, 179, 180, 181, 182, 184, 221, 223, 228, 260, 261, 265, 268, 272, 276, 277, 278, 279, 281, 285, 289, 290, 292, 293, 294], "summary": {"covered_lines": 64, "num_statements": 113, "percent_covered": 56.63716814159292, "percent_covered_display": "57", "missing_lines": 49, "excluded_lines": 0}, "missing_lines": [89, 93, 95, 97, 134, 135, 137, 139, 140, 141, 144, 146, 189, 191, 192, 193, 195, 196, 198, 199, 200, 201, 202, 204, 207, 208, 209, 210, 212, 225, 236, 237, 238, 240, 241, 243, 244, 245, 246, 248, 250, 251, 252, 253, 255, 269, 273, 298, 302], "excluded_lines": []}, "": {"executed_lines": [1, 18, 19, 20, 21, 22, 24, 27, 28, 29, 30, 31, 32, 33, 34, 35, 36, 39, 40, 46, 73, 132, 148, 186, 214, 230, 257, 263, 283, 287, 296, 300, 309], "summary": {"covered_lines": 30, "num_statements": 32, "percent_covered": 93.75, "percent_covered_display": "94", "missing_lines": 2, "excluded_lines": 0}, "missing_lines": [327, 328], "excluded_lines": []}}}, "backend\\llm_integration\\token_counter.py": {"executed_lines": [1, 19, 20, 21, 22, 23, 25, 28, 29, 30, 31, 32, 33, 34, 35, 36, 39, 40, 41, 42, 43, 44, 45, 48, 49, 50, 51, 52, 53, 54, 55, 56, 57, 58, 61, 62, 69, 114, 121, 122, 123, 124, 125, 130, 147, 148, 158, 159, 160, 163, 174, 177, 183, 185, 187, 190, 191, 194, 196, 198, 200, 204, 218, 222, 243, 268, 283, 307, 323, 332, 335, 338, 339, 340], "summary": {"covered_lines": 69, "num_statements": 101, "percent_covered": 68.31683168316832, "percent_covered_display": "68", "missing_lines": 32, "excluded_lines": 0}, "missing_lines": [149, 150, 178, 202, 214, 215, 216, 220, 224, 226, 227, 234, 245, 246, 253, 275, 276, 277, 279, 280, 281, 285, 287, 288, 296, 297, 299, 309, 325, 326, 327, 328], "excluded_lines": [], "functions": {"TokenCounter.__init__": {"executed_lines": [121, 122, 123, 124, 125], "summary": {"covered_lines": 5, "num_statements": 5, "percent_covered": 100.0, "percent_covered_display": "100", "missing_lines": 0, "excluded_lines": 0}, "missing_lines": [], "excluded_lines": []}, "TokenCounter.count_tokens": {"executed_lines": [147, 148, 158, 159, 160, 163, 174, 177, 183], "summary": {"covered_lines": 9, "num_statements": 12, "percent_covered": 75.0, "percent_covered_display": "75", "missing_lines": 3, "excluded_lines": 0}, "missing_lines": [149, 150, 178], "excluded_lines": []}, "TokenCounter._track_usage": {"executed_lines": [187, 190, 191, 194], "summary": {"covered_lines": 4, "num_statements": 4, "percent_covered": 100.0, "percent_covered_display": "100", "missing_lines": 0, "excluded_lines": 0}, "missing_lines": [], "excluded_lines": []}, "TokenCounter.get_total_cost": {"executed_lines": [198], "summary": {"covered_lines": 1, "num_statements": 1, "percent_covered": 100.0, "percent_covered_display": "100", "missing_lines": 0, "excluded_lines": 0}, "missing_lines": [], "excluded_lines": []}, "TokenCounter.get_total_tokens": {"executed_lines": [], "summary": {"covered_lines": 0, "num_statements": 1, "percent_covered": 0.0, "percent_covered_display": "0", "missing_lines": 1, "excluded_lines": 0}, "missing_lines": [202], "excluded_lines": []}, "TokenCounter.get_daily_cost": {"executed_lines": [], "summary": {"covered_lines": 0, "num_statements": 3, "percent_covered": 0.0, "percent_covered_display": "0", "missing_lines": 3, "excluded_lines": 0}, "missing_lines": [214, 215, 216], "excluded_lines": []}, "TokenCounter.get_model_cost": {"executed_lines": [], "summary": {"covered_lines": 0, "num_statements": 1, "percent_covered": 0.0, "percent_covered_display": "0", "missing_lines": 1, "excluded_lines": 0}, "missing_lines": [220], "excluded_lines": []}, "TokenCounter.get_model_stats": {"executed_lines": [], "summary": {"covered_lines": 0, "num_statements": 4, "percent_covered": 0.0, "percent_covered_display": "0", "missing_lines": 4, "excluded_lines": 0}, "missing_lines": [224, 226, 227, 234], "excluded_lines": []}, "TokenCounter.get_summary_stats": {"executed_lines": [], "summary": {"covered_lines": 0, "num_statements": 3, "percent_covered": 0.0, "percent_covered_display": "0", "missing_lines": 3, "excluded_lines": 0}, "missing_lines": [245, 246, 253], "excluded_lines": []}, "TokenCounter.estimate_cost": {"executed_lines": [], "summary": {"covered_lines": 0, "num_statements": 6, "percent_covered": 0.0, "percent_covered_display": "0", "missing_lines": 6, "excluded_lines": 0}, "missing_lines": [275, 276, 277, 279, 280, 281], "excluded_lines": []}, "TokenCounter.get_budget_status": {"executed_lines": [], "summary": {"covered_lines": 0, "num_statements": 6, "percent_covered": 0.0, "percent_covered_display": "0", "missing_lines": 6, "excluded_lines": 0}, "missing_lines": [285, 287, 288, 296, 297, 299], "excluded_lines": []}, "TokenCounter.export_usage_report": {"executed_lines": [], "summary": {"covered_lines": 0, "num_statements": 1, "percent_covered": 0.0, "percent_covered_display": "0", "missing_lines": 1, "excluded_lines": 0}, "missing_lines": [309], "excluded_lines": []}, "TokenCounter.reset_history": {"executed_lines": [], "summary": {"covered_lines": 0, "num_statements": 4, "percent_covered": 0.0, "percent_covered_display": "0", "missing_lines": 4, "excluded_lines": 0}, "missing_lines": [325, 326, 327, 328], "excluded_lines": []}, "get_token_counter": {"executed_lines": [338, 339, 340], "summary": {"covered_lines": 3, "num_statements": 3, "percent_covered": 100.0, "percent_covered_display": "100", "missing_lines": 0, "excluded_lines": 0}, "missing_lines": [], "excluded_lines": []}, "": {"executed_lines": [1, 19, 20, 21, 22, 23, 25, 28, 29, 30, 31, 32, 33, 34, 35, 36, 39, 40, 41, 42, 43, 44, 45, 48, 49, 50, 51, 52, 53, 54, 55, 56, 57, 58, 61, 62, 69, 114, 130, 185, 196, 200, 204, 218, 222, 243, 268, 283, 307, 323, 332, 335], "summary": {"covered_lines": 47, "num_statements": 47, "percent_covered": 100.0, "percent_covered_display": "100", "missing_lines": 0, "excluded_lines": 0}, "missing_lines": [], "excluded_lines": []}}, "classes": {"ModelProvider": {"executed_lines": [], "summary": {"covered_lines": 0, "num_statements": 0, "percent_covered": 100.0, "percent_covered_display": "100", "missing_lines": 0, "excluded_lines": 0}, "missing_lines": [], "excluded_lines": []}, "ModelPricing": {"executed_lines": [], "summary": {"covered_lines": 0, "num_statements": 0, "percent_covered": 100.0, "percent_covered_display": "100", "missing_lines": 0, "excluded_lines": 0}, "missing_lines": [], "excluded_lines": []}, "TokenUsage": {"executed_lines": [], "summary": {"covered_lines": 0, "num_statements": 0, "percent_covered": 100.0, "percent_covered_display": "100", "missing_lines": 0, "excluded_lines": 0}, "missing_lines": [], "excluded_lines": []}, "TokenCounter": {"executed_lines": [121, 122, 123, 124, 125, 147, 148, 158, 159, 160, 163, 174, 177, 183, 187, 190, 191, 194, 198], "summary": {"covered_lines": 19, "num_statements": 51, "percent_covered": 37.254901960784316, "percent_covered_display": "37", "missing_lines": 32, "excluded_lines": 0}, "missing_lines": [149, 150, 178, 202, 214, 215, 216, 220, 224, 226, 227, 234, 245, 246, 253, 275, 276, 277, 279, 280, 281, 285, 287, 288, 296, 297, 299, 309, 325, 326, 327, 328], "excluded_lines": []}, "": {"executed_lines": [1, 19, 20, 21, 22, 23, 25, 28, 29, 30, 31, 32, 33, 34, 35, 36, 39, 40, 41, 42, 43, 44, 45, 48, 49, 50, 51, 52, 53, 54, 55, 56, 57, 58, 61, 62, 69, 114, 130, 185, 196, 200, 204, 218, 222, 243, 268, 283, 307, 323, 332, 335, 338, 339, 340], "summary": {"covered_lines": 50, "num_statements": 50, "percent_covered": 100.0, "percent_covered_display": "100", "missing_lines": 0, "excluded_lines": 0}, "missing_lines": [], "excluded_lines": []}}}}, "totals": {"covered_lines": 871, "num_statements": 2124, "percent_covered": 41.0075329566855, "percent_covered_display": "41", "missing_lines": 1253, "excluded_lines": 1}}